{"/home/zach/git/rpgtools/server/src/authentication-helpers.js": {"path":"/home/zach/git/rpgtools/server/src/authentication-helpers.js","statementMap":{"0":{"start":{"line":5,"column":29},"end":{"line":5,"column":40}},"1":{"start":{"line":7,"column":29},"end":{"line":13,"column":1}},"2":{"start":{"line":7,"column":37},"end":{"line":13,"column":1}},"3":{"start":{"line":8,"column":1},"end":{"line":10,"column":2}},"4":{"start":{"line":9,"column":2},"end":{"line":9,"column":64}},"5":{"start":{"line":12,"column":1},"end":{"line":12,"column":40}},"6":{"start":{"line":15,"column":28},"end":{"line":22,"column":1}},"7":{"start":{"line":16,"column":21},"end":{"line":16,"column":127}},"8":{"start":{"line":17,"column":15},"end":{"line":17,"column":23}},"9":{"start":{"line":18,"column":22},"end":{"line":18,"column":148}},"10":{"start":{"line":19,"column":1},"end":{"line":19,"column":29}},"11":{"start":{"line":20,"column":1},"end":{"line":20,"column":19}},"12":{"start":{"line":21,"column":1},"end":{"line":21,"column":36}},"13":{"start":{"line":24,"column":23},"end":{"line":28,"column":1}},"14":{"start":{"line":25,"column":1},"end":{"line":27,"column":56}},"15":{"start":{"line":30,"column":36},"end":{"line":77,"column":1}},"16":{"start":{"line":32,"column":19},"end":{"line":32,"column":23}},"17":{"start":{"line":34,"column":22},"end":{"line":34,"column":49}},"18":{"start":{"line":35,"column":21},"end":{"line":35,"column":47}},"19":{"start":{"line":36,"column":1},"end":{"line":64,"column":2}},"20":{"start":{"line":37,"column":2},"end":{"line":63,"column":3}},"21":{"start":{"line":38,"column":14},"end":{"line":38,"column":112}},"22":{"start":{"line":39,"column":3},"end":{"line":39,"column":51}},"23":{"start":{"line":42,"column":3},"end":{"line":42,"column":60}},"24":{"start":{"line":43,"column":3},"end":{"line":43,"column":34}},"25":{"start":{"line":44,"column":3},"end":{"line":62,"column":4}},"26":{"start":{"line":45,"column":15},"end":{"line":45,"column":116}},"27":{"start":{"line":46,"column":4},"end":{"line":46,"column":52}},"28":{"start":{"line":48,"column":4},"end":{"line":58,"column":5}},"29":{"start":{"line":49,"column":5},"end":{"line":49,"column":89}},"30":{"start":{"line":50,"column":18},"end":{"line":50,"column":49}},"31":{"start":{"line":51,"column":5},"end":{"line":51,"column":86}},"32":{"start":{"line":52,"column":5},"end":{"line":52,"column":89}},"33":{"start":{"line":55,"column":5},"end":{"line":55,"column":120}},"34":{"start":{"line":56,"column":5},"end":{"line":56,"column":24}},"35":{"start":{"line":57,"column":5},"end":{"line":57,"column":37}},"36":{"start":{"line":61,"column":4},"end":{"line":61,"column":62}},"37":{"start":{"line":66,"column":1},"end":{"line":68,"column":2}},"38":{"start":{"line":67,"column":2},"end":{"line":67,"column":52}},"39":{"start":{"line":70,"column":1},"end":{"line":70,"column":52}},"40":{"start":{"line":71,"column":1},"end":{"line":71,"column":48}},"41":{"start":{"line":73,"column":1},"end":{"line":76,"column":3}},"42":{"start":{"line":79,"column":36},"end":{"line":79,"column":73}},"43":{"start":{"line":80,"column":37},"end":{"line":80,"column":76}}},"fnMap":{"0":{"name":"(anonymous_0)","decl":{"start":{"line":7,"column":29},"end":{"line":7,"column":30}},"loc":{"start":{"line":7,"column":37},"end":{"line":13,"column":1}},"line":7},"1":{"name":"(anonymous_1)","decl":{"start":{"line":7,"column":37},"end":{"line":7,"column":38}},"loc":{"start":{"line":7,"column":68},"end":{"line":13,"column":1}},"line":7},"2":{"name":"(anonymous_2)","decl":{"start":{"line":15,"column":28},"end":{"line":15,"column":29}},"loc":{"start":{"line":15,"column":42},"end":{"line":22,"column":1}},"line":15},"3":{"name":"(anonymous_3)","decl":{"start":{"line":24,"column":23},"end":{"line":24,"column":24}},"loc":{"start":{"line":24,"column":41},"end":{"line":28,"column":1}},"line":24},"4":{"name":"(anonymous_4)","decl":{"start":{"line":30,"column":36},"end":{"line":30,"column":37}},"loc":{"start":{"line":30,"column":58},"end":{"line":77,"column":1}},"line":30}},"branchMap":{"0":{"loc":{"start":{"line":8,"column":1},"end":{"line":10,"column":2}},"type":"if","locations":[{"start":{"line":8,"column":1},"end":{"line":10,"column":2}},{"start":{"line":8,"column":1},"end":{"line":10,"column":2}}],"line":8},"1":{"loc":{"start":{"line":8,"column":5},"end":{"line":8,"column":75}},"type":"binary-expr","locations":[{"start":{"line":8,"column":5},"end":{"line":8,"column":25}},{"start":{"line":8,"column":29},"end":{"line":8,"column":75}}],"line":8},"2":{"loc":{"start":{"line":36,"column":1},"end":{"line":64,"column":2}},"type":"if","locations":[{"start":{"line":36,"column":1},"end":{"line":64,"column":2}},{"start":{"line":36,"column":1},"end":{"line":64,"column":2}}],"line":36},"3":{"loc":{"start":{"line":36,"column":5},"end":{"line":36,"column":32}},"type":"binary-expr","locations":[{"start":{"line":36,"column":5},"end":{"line":36,"column":17}},{"start":{"line":36,"column":21},"end":{"line":36,"column":32}}],"line":36},"4":{"loc":{"start":{"line":48,"column":4},"end":{"line":58,"column":5}},"type":"if","locations":[{"start":{"line":48,"column":4},"end":{"line":58,"column":5}},{"start":{"line":48,"column":4},"end":{"line":58,"column":5}}],"line":48},"5":{"loc":{"start":{"line":48,"column":8},"end":{"line":48,"column":64}},"type":"binary-expr","locations":[{"start":{"line":48,"column":8},"end":{"line":48,"column":19}},{"start":{"line":48,"column":23},"end":{"line":48,"column":64}}],"line":48},"6":{"loc":{"start":{"line":66,"column":1},"end":{"line":68,"column":2}},"type":"if","locations":[{"start":{"line":66,"column":1},"end":{"line":68,"column":2}},{"start":{"line":66,"column":1},"end":{"line":68,"column":2}}],"line":66}},"s":{"0":1,"1":1,"2":5,"3":0,"4":0,"5":0,"6":1,"7":1,"8":1,"9":1,"10":1,"11":1,"12":1,"13":1,"14":0,"15":1,"16":0,"17":0,"18":0,"19":0,"20":0,"21":0,"22":0,"23":0,"24":0,"25":0,"26":0,"27":0,"28":0,"29":0,"30":0,"31":0,"32":0,"33":0,"34":0,"35":0,"36":0,"37":0,"38":0,"39":0,"40":0,"41":0,"42":1,"43":1},"f":{"0":5,"1":0,"2":1,"3":0,"4":0},"b":{"0":[0,0],"1":[0,0],"2":[0,0],"3":[0,0],"4":[0,0],"5":[0,0],"6":[0,0]},"_coverageSchema":"1a1c01bbd47fc00a2c39e90264f33305004495a9","hash":"42f1f404136cf18703e59f95d0506059007774f5"}
,"/home/zach/git/rpgtools/server/src/db-helpers.js": {"path":"/home/zach/git/rpgtools/server/src/db-helpers.js","statementMap":{"0":{"start":{"line":5,"column":34},"end":{"line":20,"column":1}},"1":{"start":{"line":6,"column":21},"end":{"line":6,"column":74}},"2":{"start":{"line":7,"column":1},"end":{"line":19,"column":2}},"3":{"start":{"line":8,"column":16},"end":{"line":8,"column":62}},"4":{"start":{"line":9,"column":2},"end":{"line":12,"column":3}},"5":{"start":{"line":10,"column":3},"end":{"line":10,"column":112}},"6":{"start":{"line":10,"column":63},"end":{"line":10,"column":109}},"7":{"start":{"line":11,"column":3},"end":{"line":11,"column":21}},"8":{"start":{"line":13,"column":16},"end":{"line":13,"column":62}},"9":{"start":{"line":14,"column":2},"end":{"line":17,"column":3}},"10":{"start":{"line":15,"column":3},"end":{"line":15,"column":112}},"11":{"start":{"line":15,"column":63},"end":{"line":15,"column":109}},"12":{"start":{"line":16,"column":3},"end":{"line":16,"column":21}},"13":{"start":{"line":18,"column":2},"end":{"line":18,"column":62}}},"fnMap":{"0":{"name":"(anonymous_0)","decl":{"start":{"line":5,"column":34},"end":{"line":5,"column":35}},"loc":{"start":{"line":5,"column":55},"end":{"line":20,"column":1}},"line":5},"1":{"name":"(anonymous_1)","decl":{"start":{"line":10,"column":46},"end":{"line":10,"column":47}},"loc":{"start":{"line":10,"column":62},"end":{"line":10,"column":110}},"line":10},"2":{"name":"(anonymous_2)","decl":{"start":{"line":15,"column":46},"end":{"line":15,"column":47}},"loc":{"start":{"line":15,"column":62},"end":{"line":15,"column":110}},"line":15}},"branchMap":{},"s":{"0":1,"1":0,"2":0,"3":0,"4":0,"5":0,"6":0,"7":0,"8":0,"9":0,"10":0,"11":0,"12":0,"13":0},"f":{"0":0,"1":0,"2":0},"b":{},"_coverageSchema":"1a1c01bbd47fc00a2c39e90264f33305004495a9","hash":"85587f2b5d05d0f98fdaa70087963954357992d2"}
,"/home/zach/git/rpgtools/server/src/gql-server-schema.js": {"path":"/home/zach/git/rpgtools/server/src/gql-server-schema.js","statementMap":{"0":{"start":{"line":3,"column":24},"end":{"line":264,"column":1}}},"fnMap":{},"branchMap":{},"s":{"0":1},"f":{},"b":{},"_coverageSchema":"1a1c01bbd47fc00a2c39e90264f33305004495a9","hash":"884713a6e6789f4e98359b252511a2ec6f430a69"}
,"/home/zach/git/rpgtools/server/src/server-needs-setup.js": {"path":"/home/zach/git/rpgtools/server/src/server-needs-setup.js","statementMap":{"0":{"start":{"line":3,"column":17},"end":{"line":3,"column":22}},"1":{"start":{"line":5,"column":27},"end":{"line":8,"column":1}},"2":{"start":{"line":6,"column":14},"end":{"line":6,"column":42}},"3":{"start":{"line":7,"column":1},"end":{"line":7,"column":45}},"4":{"start":{"line":10,"column":32},"end":{"line":12,"column":1}},"5":{"start":{"line":11,"column":1},"end":{"line":11,"column":19}}},"fnMap":{"0":{"name":"(anonymous_0)","decl":{"start":{"line":5,"column":27},"end":{"line":5,"column":28}},"loc":{"start":{"line":5,"column":39},"end":{"line":8,"column":1}},"line":5},"1":{"name":"(anonymous_1)","decl":{"start":{"line":10,"column":32},"end":{"line":10,"column":33}},"loc":{"start":{"line":10,"column":38},"end":{"line":12,"column":1}},"line":10}},"branchMap":{},"s":{"0":1,"1":1,"2":0,"3":0,"4":1,"5":0},"f":{"0":0,"1":0},"b":{},"_coverageSchema":"1a1c01bbd47fc00a2c39e90264f33305004495a9","hash":"cba204d94d52dd19aad77c1ea0323256d50849c4"}
,"/home/zach/git/rpgtools/server/src/models/chunk.js": {"path":"/home/zach/git/rpgtools/server/src/models/chunk.js","statementMap":{"0":{"start":{"line":4,"column":20},"end":{"line":30,"column":2}},"1":{"start":{"line":32,"column":21},"end":{"line":32,"column":55}}},"fnMap":{},"branchMap":{},"s":{"0":1,"1":1},"f":{},"b":{},"_coverageSchema":"1a1c01bbd47fc00a2c39e90264f33305004495a9","hash":"5dc7e251b82cf662a4e015d29722aa04c72dae84"}
,"/home/zach/git/rpgtools/server/src/models/image.js": {"path":"/home/zach/git/rpgtools/server/src/models/image.js","statementMap":{"0":{"start":{"line":4,"column":15},"end":{"line":4,"column":30}},"1":{"start":{"line":6,"column":20},"end":{"line":38,"column":2}},"2":{"start":{"line":40,"column":21},"end":{"line":40,"column":55}}},"fnMap":{},"branchMap":{},"s":{"0":1,"1":1,"2":1},"f":{},"b":{},"_coverageSchema":"1a1c01bbd47fc00a2c39e90264f33305004495a9","hash":"032c0c30913ee89c5fa1160efbd2402431d1488f"}
,"/home/zach/git/rpgtools/server/src/models/permission-assignement.js": {"path":"/home/zach/git/rpgtools/server/src/models/permission-assignement.js","statementMap":{"0":{"start":{"line":9,"column":15},"end":{"line":9,"column":30}},"1":{"start":{"line":11,"column":35},"end":{"line":29,"column":2}},"2":{"start":{"line":31,"column":0},"end":{"line":36,"column":2}},"3":{"start":{"line":32,"column":1},"end":{"line":34,"column":2}},"4":{"start":{"line":33,"column":2},"end":{"line":33,"column":48}},"5":{"start":{"line":35,"column":1},"end":{"line":35,"column":46}},"6":{"start":{"line":38,"column":0},"end":{"line":43,"column":2}},"7":{"start":{"line":39,"column":1},"end":{"line":41,"column":2}},"8":{"start":{"line":40,"column":2},"end":{"line":40,"column":48}},"9":{"start":{"line":42,"column":1},"end":{"line":42,"column":45}},"10":{"start":{"line":45,"column":36},"end":{"line":45,"column":101}}},"fnMap":{"0":{"name":"(anonymous_0)","decl":{"start":{"line":31,"column":50},"end":{"line":31,"column":51}},"loc":{"start":{"line":31,"column":70},"end":{"line":36,"column":1}},"line":31},"1":{"name":"(anonymous_1)","decl":{"start":{"line":38,"column":49},"end":{"line":38,"column":50}},"loc":{"start":{"line":38,"column":69},"end":{"line":43,"column":1}},"line":38}},"branchMap":{"0":{"loc":{"start":{"line":32,"column":1},"end":{"line":34,"column":2}},"type":"if","locations":[{"start":{"line":32,"column":1},"end":{"line":34,"column":2}},{"start":{"line":32,"column":1},"end":{"line":34,"column":2}}],"line":32},"1":{"loc":{"start":{"line":39,"column":1},"end":{"line":41,"column":2}},"type":"if","locations":[{"start":{"line":39,"column":1},"end":{"line":41,"column":2}},{"start":{"line":39,"column":1},"end":{"line":41,"column":2}}],"line":39}},"s":{"0":1,"1":1,"2":1,"3":0,"4":0,"5":0,"6":1,"7":0,"8":0,"9":0,"10":1},"f":{"0":0,"1":0},"b":{"0":[0,0],"1":[0,0]},"_coverageSchema":"1a1c01bbd47fc00a2c39e90264f33305004495a9","hash":"55d200e861e8cf60898a1a0aedce29ea46efd5a9"}
,"/home/zach/git/rpgtools/server/src/models/pin.js": {"path":"/home/zach/git/rpgtools/server/src/models/pin.js","statementMap":{"0":{"start":{"line":6,"column":15},"end":{"line":6,"column":30}},"1":{"start":{"line":8,"column":18},"end":{"line":25,"column":2}},"2":{"start":{"line":27,"column":0},"end":{"line":31,"column":2}},"3":{"start":{"line":28,"column":13},"end":{"line":28,"column":43}},"4":{"start":{"line":29,"column":14},"end":{"line":29,"column":48}},"5":{"start":{"line":30,"column":1},"end":{"line":30,"column":84}},"6":{"start":{"line":33,"column":0},"end":{"line":36,"column":2}},"7":{"start":{"line":34,"column":13},"end":{"line":34,"column":43}},"8":{"start":{"line":35,"column":1},"end":{"line":35,"column":37}},"9":{"start":{"line":38,"column":19},"end":{"line":38,"column":49}}},"fnMap":{"0":{"name":"(anonymous_0)","decl":{"start":{"line":27,"column":32},"end":{"line":27,"column":33}},"loc":{"start":{"line":27,"column":52},"end":{"line":31,"column":1}},"line":27},"1":{"name":"(anonymous_1)","decl":{"start":{"line":33,"column":33},"end":{"line":33,"column":34}},"loc":{"start":{"line":33,"column":53},"end":{"line":36,"column":1}},"line":33}},"branchMap":{"0":{"loc":{"start":{"line":30,"column":8},"end":{"line":30,"column":83}},"type":"binary-expr","locations":[{"start":{"line":30,"column":8},"end":{"line":30,"column":35}},{"start":{"line":30,"column":40},"end":{"line":30,"column":82}}],"line":30},"1":{"loc":{"start":{"line":30,"column":40},"end":{"line":30,"column":82}},"type":"cond-expr","locations":[{"start":{"line":30,"column":47},"end":{"line":30,"column":75}},{"start":{"line":30,"column":78},"end":{"line":30,"column":82}}],"line":30}},"s":{"0":1,"1":1,"2":1,"3":0,"4":0,"5":0,"6":1,"7":0,"8":0,"9":1},"f":{"0":0,"1":0},"b":{"0":[0,0],"1":[0,0]},"_coverageSchema":"1a1c01bbd47fc00a2c39e90264f33305004495a9","hash":"0e3c463456e4cfa23ff45f59035c10b21cf0fec7"}
,"/home/zach/git/rpgtools/server/src/models/place.js": {"path":"/home/zach/git/rpgtools/server/src/models/place.js","statementMap":{"0":{"start":{"line":5,"column":15},"end":{"line":5,"column":30}},"1":{"start":{"line":7,"column":20},"end":{"line":13,"column":2}},"2":{"start":{"line":15,"column":21},"end":{"line":15,"column":63}}},"fnMap":{},"branchMap":{},"s":{"0":1,"1":1,"2":1},"f":{},"b":{},"_coverageSchema":"1a1c01bbd47fc00a2c39e90264f33305004495a9","hash":"0c43a0ae5074dde61fe3ee982869f7d687c67f6a"}
,"/home/zach/git/rpgtools/server/src/models/role.js": {"path":"/home/zach/git/rpgtools/server/src/models/role.js","statementMap":{"0":{"start":{"line":7,"column":15},"end":{"line":7,"column":30}},"1":{"start":{"line":9,"column":19},"end":{"line":24,"column":2}},"2":{"start":{"line":26,"column":0},"end":{"line":28,"column":2}},"3":{"start":{"line":27,"column":1},"end":{"line":27,"column":111}},"4":{"start":{"line":30,"column":0},"end":{"line":32,"column":2}},"5":{"start":{"line":31,"column":1},"end":{"line":31,"column":91}},"6":{"start":{"line":34,"column":0},"end":{"line":34,"column":36}},"7":{"start":{"line":36,"column":20},"end":{"line":36,"column":54}}},"fnMap":{"0":{"name":"(anonymous_0)","decl":{"start":{"line":26,"column":34},"end":{"line":26,"column":35}},"loc":{"start":{"line":26,"column":55},"end":{"line":28,"column":1}},"line":26},"1":{"name":"(anonymous_1)","decl":{"start":{"line":30,"column":33},"end":{"line":30,"column":34}},"loc":{"start":{"line":30,"column":53},"end":{"line":32,"column":1}},"line":30}},"branchMap":{"0":{"loc":{"start":{"line":27,"column":8},"end":{"line":27,"column":110}},"type":"binary-expr","locations":[{"start":{"line":27,"column":8},"end":{"line":27,"column":54}},{"start":{"line":27,"column":58},"end":{"line":27,"column":110}}],"line":27},"1":{"loc":{"start":{"line":31,"column":8},"end":{"line":31,"column":90}},"type":"binary-expr","locations":[{"start":{"line":31,"column":8},"end":{"line":31,"column":37}},{"start":{"line":31,"column":41},"end":{"line":31,"column":63}},{"start":{"line":31,"column":67},"end":{"line":31,"column":90}}],"line":31}},"s":{"0":1,"1":1,"2":1,"3":0,"4":1,"5":0,"6":1,"7":1},"f":{"0":0,"1":0},"b":{"0":[0,0],"1":[0,0,0]},"_coverageSchema":"1a1c01bbd47fc00a2c39e90264f33305004495a9","hash":"628cabd7a30285139aac65e2eec577651c5a12eb"}
,"/home/zach/git/rpgtools/server/src/models/server-config.js": {"path":"/home/zach/git/rpgtools/server/src/models/server-config.js","statementMap":{"0":{"start":{"line":4,"column":15},"end":{"line":4,"column":30}},"1":{"start":{"line":6,"column":21},"end":{"line":21,"column":2}},"2":{"start":{"line":23,"column":28},"end":{"line":23,"column":71}}},"fnMap":{},"branchMap":{},"s":{"0":1,"1":1,"2":1},"f":{},"b":{},"_coverageSchema":"1a1c01bbd47fc00a2c39e90264f33305004495a9","hash":"6beade8cc6315ebbcebd77d43d1288425a4842a0"}
,"/home/zach/git/rpgtools/server/src/models/user.js": {"path":"/home/zach/git/rpgtools/server/src/models/user.js","statementMap":{"0":{"start":{"line":8,"column":15},"end":{"line":8,"column":30}},"1":{"start":{"line":10,"column":19},"end":{"line":38,"column":2}},"2":{"start":{"line":17,"column":28},"end":{"line":17,"column":62}},"3":{"start":{"line":40,"column":27},"end":{"line":46,"column":1}},"4":{"start":{"line":41,"column":24},"end":{"line":41,"column":26}},"5":{"start":{"line":42,"column":1},"end":{"line":44,"column":2}},"6":{"start":{"line":43,"column":2},"end":{"line":43,"column":43}},"7":{"start":{"line":45,"column":1},"end":{"line":45,"column":23}},"8":{"start":{"line":48,"column":31},"end":{"line":55,"column":1}},"9":{"start":{"line":49,"column":22},"end":{"line":49,"column":106}},"10":{"start":{"line":50,"column":1},"end":{"line":52,"column":2}},"11":{"start":{"line":51,"column":2},"end":{"line":51,"column":34}},"12":{"start":{"line":54,"column":1},"end":{"line":54,"column":11}},"13":{"start":{"line":57,"column":30},"end":{"line":63,"column":1}},"14":{"start":{"line":58,"column":22},"end":{"line":58,"column":91}},"15":{"start":{"line":59,"column":1},"end":{"line":61,"column":2}},"16":{"start":{"line":60,"column":2},"end":{"line":60,"column":34}},"17":{"start":{"line":62,"column":1},"end":{"line":62,"column":11}},"18":{"start":{"line":66,"column":0},"end":{"line":68,"column":3}},"19":{"start":{"line":67,"column":1},"end":{"line":67,"column":139}},"20":{"start":{"line":69,"column":0},"end":{"line":69,"column":38}},"21":{"start":{"line":70,"column":0},"end":{"line":70,"column":42}},"22":{"start":{"line":71,"column":0},"end":{"line":71,"column":42}},"23":{"start":{"line":73,"column":0},"end":{"line":75,"column":2}},"24":{"start":{"line":74,"column":1},"end":{"line":74,"column":55}},"25":{"start":{"line":77,"column":0},"end":{"line":79,"column":2}},"26":{"start":{"line":78,"column":1},"end":{"line":78,"column":66}},"27":{"start":{"line":81,"column":0},"end":{"line":83,"column":2}},"28":{"start":{"line":82,"column":1},"end":{"line":82,"column":58}},"29":{"start":{"line":85,"column":0},"end":{"line":105,"column":2}},"30":{"start":{"line":86,"column":1},"end":{"line":88,"column":2}},"31":{"start":{"line":87,"column":2},"end":{"line":87,"column":53}},"32":{"start":{"line":90,"column":1},"end":{"line":92,"column":2}},"33":{"start":{"line":91,"column":2},"end":{"line":91,"column":28}},"34":{"start":{"line":94,"column":1},"end":{"line":102,"column":2}},"35":{"start":{"line":95,"column":16},"end":{"line":95,"column":38}},"36":{"start":{"line":96,"column":2},"end":{"line":98,"column":3}},"37":{"start":{"line":97,"column":3},"end":{"line":97,"column":25}},"38":{"start":{"line":99,"column":2},"end":{"line":101,"column":3}},"39":{"start":{"line":100,"column":3},"end":{"line":100,"column":15}},"40":{"start":{"line":104,"column":1},"end":{"line":104,"column":14}},"41":{"start":{"line":107,"column":0},"end":{"line":107,"column":36}},"42":{"start":{"line":109,"column":20},"end":{"line":109,"column":52}}},"fnMap":{"0":{"name":"(anonymous_0)","decl":{"start":{"line":17,"column":13},"end":{"line":17,"column":14}},"loc":{"start":{"line":17,"column":27},"end":{"line":17,"column":63}},"line":17},"1":{"name":"(anonymous_1)","decl":{"start":{"line":40,"column":27},"end":{"line":40,"column":28}},"loc":{"start":{"line":40,"column":43},"end":{"line":46,"column":1}},"line":40},"2":{"name":"(anonymous_2)","decl":{"start":{"line":48,"column":31},"end":{"line":48,"column":32}},"loc":{"start":{"line":48,"column":50},"end":{"line":55,"column":1}},"line":48},"3":{"name":"(anonymous_3)","decl":{"start":{"line":57,"column":30},"end":{"line":57,"column":31}},"loc":{"start":{"line":57,"column":42},"end":{"line":63,"column":1}},"line":57},"4":{"name":"(anonymous_4)","decl":{"start":{"line":66,"column":41},"end":{"line":66,"column":42}},"loc":{"start":{"line":66,"column":51},"end":{"line":68,"column":1}},"line":66},"5":{"name":"(anonymous_5)","decl":{"start":{"line":73,"column":48},"end":{"line":73,"column":49}},"loc":{"start":{"line":73,"column":64},"end":{"line":75,"column":1}},"line":73},"6":{"name":"(anonymous_6)","decl":{"start":{"line":77,"column":52},"end":{"line":77,"column":53}},"loc":{"start":{"line":77,"column":75},"end":{"line":79,"column":1}},"line":77},"7":{"name":"(anonymous_7)","decl":{"start":{"line":81,"column":52},"end":{"line":81,"column":53}},"loc":{"start":{"line":81,"column":68},"end":{"line":83,"column":1}},"line":81},"8":{"name":"(anonymous_8)","decl":{"start":{"line":85,"column":35},"end":{"line":85,"column":36}},"loc":{"start":{"line":85,"column":74},"end":{"line":105,"column":1}},"line":85}},"branchMap":{"0":{"loc":{"start":{"line":50,"column":1},"end":{"line":52,"column":2}},"type":"if","locations":[{"start":{"line":50,"column":1},"end":{"line":52,"column":2}},{"start":{"line":50,"column":1},"end":{"line":52,"column":2}}],"line":50},"1":{"loc":{"start":{"line":59,"column":1},"end":{"line":61,"column":2}},"type":"if","locations":[{"start":{"line":59,"column":1},"end":{"line":61,"column":2}},{"start":{"line":59,"column":1},"end":{"line":61,"column":2}}],"line":59},"2":{"loc":{"start":{"line":67,"column":32},"end":{"line":67,"column":58}},"type":"binary-expr","locations":[{"start":{"line":67,"column":32},"end":{"line":67,"column":52}},{"start":{"line":67,"column":56},"end":{"line":67,"column":58}}],"line":67},"3":{"loc":{"start":{"line":67,"column":67},"end":{"line":67,"column":98}},"type":"binary-expr","locations":[{"start":{"line":67,"column":67},"end":{"line":67,"column":91}},{"start":{"line":67,"column":96},"end":{"line":67,"column":98}}],"line":67},"4":{"loc":{"start":{"line":67,"column":107},"end":{"line":67,"column":137}},"type":"binary-expr","locations":[{"start":{"line":67,"column":107},"end":{"line":67,"column":131}},{"start":{"line":67,"column":135},"end":{"line":67,"column":137}}],"line":67},"5":{"loc":{"start":{"line":86,"column":1},"end":{"line":88,"column":2}},"type":"if","locations":[{"start":{"line":86,"column":1},"end":{"line":88,"column":2}},{"start":{"line":86,"column":1},"end":{"line":88,"column":2}}],"line":86},"6":{"loc":{"start":{"line":90,"column":1},"end":{"line":92,"column":2}},"type":"if","locations":[{"start":{"line":90,"column":1},"end":{"line":92,"column":2}},{"start":{"line":90,"column":1},"end":{"line":92,"column":2}}],"line":90},"7":{"loc":{"start":{"line":96,"column":2},"end":{"line":98,"column":3}},"type":"if","locations":[{"start":{"line":96,"column":2},"end":{"line":98,"column":3}},{"start":{"line":96,"column":2},"end":{"line":98,"column":3}}],"line":96},"8":{"loc":{"start":{"line":99,"column":2},"end":{"line":101,"column":3}},"type":"if","locations":[{"start":{"line":99,"column":2},"end":{"line":101,"column":3}},{"start":{"line":99,"column":2},"end":{"line":101,"column":3}}],"line":99},"9":{"loc":{"start":{"line":99,"column":6},"end":{"line":99,"column":90}},"type":"binary-expr","locations":[{"start":{"line":99,"column":6},"end":{"line":99,"column":46}},{"start":{"line":99,"column":50},"end":{"line":99,"column":90}}],"line":99}},"s":{"0":1,"1":1,"2":3,"3":1,"4":0,"5":0,"6":0,"7":0,"8":1,"9":0,"10":0,"11":0,"12":0,"13":1,"14":0,"15":0,"16":0,"17":0,"18":1,"19":0,"20":1,"21":1,"22":1,"23":1,"24":0,"25":1,"26":0,"27":1,"28":0,"29":1,"30":0,"31":0,"32":0,"33":0,"34":0,"35":0,"36":0,"37":0,"38":0,"39":0,"40":0,"41":1,"42":1},"f":{"0":3,"1":0,"2":0,"3":0,"4":0,"5":0,"6":0,"7":0,"8":0},"b":{"0":[0,0],"1":[0,0],"2":[0,0],"3":[0,0],"4":[0,0],"5":[0,0],"6":[0,0],"7":[0,0],"8":[0,0],"9":[0,0]},"_coverageSchema":"1a1c01bbd47fc00a2c39e90264f33305004495a9","hash":"47cc39d4be8f0d18e70266be334b9c02e5586c7a"}
,"/home/zach/git/rpgtools/server/src/models/wiki-folder.js": {"path":"/home/zach/git/rpgtools/server/src/models/wiki-folder.js","statementMap":{"0":{"start":{"line":6,"column":15},"end":{"line":6,"column":30}},"1":{"start":{"line":8,"column":25},"end":{"line":26,"column":2}},"2":{"start":{"line":28,"column":0},"end":{"line":31,"column":2}},"3":{"start":{"line":29,"column":1},"end":{"line":30,"column":54}},"4":{"start":{"line":33,"column":0},"end":{"line":36,"column":2}},"5":{"start":{"line":34,"column":1},"end":{"line":35,"column":89}},"6":{"start":{"line":38,"column":0},"end":{"line":47,"column":3}},"7":{"start":{"line":39,"column":1},"end":{"line":39,"column":51}},"8":{"start":{"line":40,"column":1},"end":{"line":40,"column":56}},"9":{"start":{"line":42,"column":22},"end":{"line":42,"column":70}},"10":{"start":{"line":43,"column":1},"end":{"line":46,"column":2}},"11":{"start":{"line":44,"column":2},"end":{"line":44,"column":95}},"12":{"start":{"line":44,"column":66},"end":{"line":44,"column":93}},"13":{"start":{"line":45,"column":2},"end":{"line":45,"column":28}},"14":{"start":{"line":49,"column":26},"end":{"line":49,"column":71}}},"fnMap":{"0":{"name":"(anonymous_0)","decl":{"start":{"line":28,"column":40},"end":{"line":28,"column":41}},"loc":{"start":{"line":28,"column":60},"end":{"line":31,"column":1}},"line":28},"1":{"name":"(anonymous_1)","decl":{"start":{"line":33,"column":39},"end":{"line":33,"column":40}},"loc":{"start":{"line":33,"column":59},"end":{"line":36,"column":1}},"line":33},"2":{"name":"(anonymous_2)","decl":{"start":{"line":38,"column":32},"end":{"line":38,"column":33}},"loc":{"start":{"line":38,"column":55},"end":{"line":47,"column":1}},"line":38},"3":{"name":"(anonymous_3)","decl":{"start":{"line":44,"column":55},"end":{"line":44,"column":56}},"loc":{"start":{"line":44,"column":66},"end":{"line":44,"column":93}},"line":44}},"branchMap":{"0":{"loc":{"start":{"line":29,"column":8},"end":{"line":30,"column":53}},"type":"binary-expr","locations":[{"start":{"line":29,"column":8},"end":{"line":29,"column":53}},{"start":{"line":30,"column":2},"end":{"line":30,"column":53}}],"line":29},"1":{"loc":{"start":{"line":34,"column":8},"end":{"line":35,"column":88}},"type":"binary-expr","locations":[{"start":{"line":34,"column":8},"end":{"line":34,"column":55}},{"start":{"line":35,"column":2},"end":{"line":35,"column":55}},{"start":{"line":35,"column":59},"end":{"line":35,"column":88}}],"line":34},"2":{"loc":{"start":{"line":43,"column":1},"end":{"line":46,"column":2}},"type":"if","locations":[{"start":{"line":43,"column":1},"end":{"line":46,"column":2}},{"start":{"line":43,"column":1},"end":{"line":46,"column":2}}],"line":43}},"s":{"0":1,"1":1,"2":1,"3":0,"4":1,"5":0,"6":1,"7":0,"8":0,"9":0,"10":0,"11":0,"12":0,"13":0,"14":1},"f":{"0":0,"1":0,"2":0,"3":0},"b":{"0":[0,0],"1":[0,0,0],"2":[0,0]},"_coverageSchema":"1a1c01bbd47fc00a2c39e90264f33305004495a9","hash":"9c15951d01e90f89478bad67f7c645fd10d4b3a3"}
,"/home/zach/git/rpgtools/server/src/models/wiki-page.js": {"path":"/home/zach/git/rpgtools/server/src/models/wiki-page.js","statementMap":{"0":{"start":{"line":7,"column":15},"end":{"line":7,"column":30}},"1":{"start":{"line":9,"column":23},"end":{"line":51,"column":2}},"2":{"start":{"line":29,"column":15},"end":{"line":29,"column":55}},"3":{"start":{"line":30,"column":16},"end":{"line":30,"column":60}},"4":{"start":{"line":31,"column":3},"end":{"line":46,"column":4}},"5":{"start":{"line":32,"column":19},"end":{"line":32,"column":51}},"6":{"start":{"line":33,"column":19},"end":{"line":33,"column":21}},"7":{"start":{"line":34,"column":4},"end":{"line":44,"column":7}},"8":{"start":{"line":35,"column":5},"end":{"line":37,"column":8}},"9":{"start":{"line":36,"column":6},"end":{"line":36,"column":24}},"10":{"start":{"line":38,"column":5},"end":{"line":40,"column":8}},"11":{"start":{"line":39,"column":6},"end":{"line":39,"column":18}},"12":{"start":{"line":41,"column":5},"end":{"line":43,"column":8}},"13":{"start":{"line":42,"column":6},"end":{"line":42,"column":16}},"14":{"start":{"line":45,"column":4},"end":{"line":45,"column":50}},"15":{"start":{"line":47,"column":3},"end":{"line":47,"column":15}},"16":{"start":{"line":53,"column":0},"end":{"line":56,"column":2}},"17":{"start":{"line":54,"column":1},"end":{"line":55,"column":52}},"18":{"start":{"line":58,"column":0},"end":{"line":61,"column":2}},"19":{"start":{"line":59,"column":1},"end":{"line":60,"column":86}},"20":{"start":{"line":65,"column":0},"end":{"line":65,"column":40}},"21":{"start":{"line":67,"column":24},"end":{"line":67,"column":65}}},"fnMap":{"0":{"name":"(anonymous_0)","decl":{"start":{"line":28,"column":7},"end":{"line":28,"column":8}},"loc":{"start":{"line":28,"column":25},"end":{"line":48,"column":3}},"line":28},"1":{"name":"(anonymous_1)","decl":{"start":{"line":34,"column":22},"end":{"line":34,"column":23}},"loc":{"start":{"line":34,"column":43},"end":{"line":44,"column":5}},"line":34},"2":{"name":"(anonymous_2)","decl":{"start":{"line":35,"column":23},"end":{"line":35,"column":24}},"loc":{"start":{"line":35,"column":33},"end":{"line":37,"column":6}},"line":35},"3":{"name":"(anonymous_3)","decl":{"start":{"line":38,"column":22},"end":{"line":38,"column":23}},"loc":{"start":{"line":38,"column":31},"end":{"line":40,"column":6}},"line":38},"4":{"name":"(anonymous_4)","decl":{"start":{"line":41,"column":22},"end":{"line":41,"column":23}},"loc":{"start":{"line":41,"column":28},"end":{"line":43,"column":6}},"line":41},"5":{"name":"(anonymous_5)","decl":{"start":{"line":53,"column":38},"end":{"line":53,"column":39}},"loc":{"start":{"line":53,"column":58},"end":{"line":56,"column":1}},"line":53},"6":{"name":"(anonymous_6)","decl":{"start":{"line":58,"column":37},"end":{"line":58,"column":38}},"loc":{"start":{"line":58,"column":57},"end":{"line":61,"column":1}},"line":58}},"branchMap":{"0":{"loc":{"start":{"line":31,"column":3},"end":{"line":46,"column":4}},"type":"if","locations":[{"start":{"line":31,"column":3},"end":{"line":46,"column":4}},{"start":{"line":31,"column":3},"end":{"line":46,"column":4}}],"line":31},"1":{"loc":{"start":{"line":54,"column":8},"end":{"line":55,"column":51}},"type":"binary-expr","locations":[{"start":{"line":54,"column":8},"end":{"line":54,"column":51}},{"start":{"line":55,"column":2},"end":{"line":55,"column":51}}],"line":54},"2":{"loc":{"start":{"line":59,"column":8},"end":{"line":60,"column":85}},"type":"binary-expr","locations":[{"start":{"line":59,"column":8},"end":{"line":59,"column":53}},{"start":{"line":60,"column":1},"end":{"line":60,"column":52}},{"start":{"line":60,"column":56},"end":{"line":60,"column":85}}],"line":59}},"s":{"0":1,"1":1,"2":0,"3":0,"4":0,"5":0,"6":0,"7":0,"8":0,"9":0,"10":0,"11":0,"12":0,"13":0,"14":0,"15":0,"16":1,"17":0,"18":1,"19":0,"20":1,"21":1},"f":{"0":0,"1":0,"2":0,"3":0,"4":0,"5":0,"6":0},"b":{"0":[0,0],"1":[0,0],"2":[0,0,0]},"_coverageSchema":"1a1c01bbd47fc00a2c39e90264f33305004495a9","hash":"de63a718dca6cd489134c32ef2021fc2c2229f16"}
,"/home/zach/git/rpgtools/server/src/models/world.js": {"path":"/home/zach/git/rpgtools/server/src/models/world.js","statementMap":{"0":{"start":{"line":7,"column":15},"end":{"line":7,"column":30}},"1":{"start":{"line":9,"column":20},"end":{"line":30,"column":2}},"2":{"start":{"line":32,"column":0},"end":{"line":34,"column":2}},"3":{"start":{"line":33,"column":1},"end":{"line":33,"column":55}},"4":{"start":{"line":37,"column":0},"end":{"line":46,"column":2}},"5":{"start":{"line":38,"column":1},"end":{"line":44,"column":2}},"6":{"start":{"line":39,"column":2},"end":{"line":43,"column":3}},"7":{"start":{"line":40,"column":3},"end":{"line":42,"column":4}},"8":{"start":{"line":41,"column":4},"end":{"line":41,"column":16}},"9":{"start":{"line":45,"column":1},"end":{"line":45,"column":14}},"10":{"start":{"line":48,"column":0},"end":{"line":48,"column":37}},"11":{"start":{"line":50,"column":21},"end":{"line":50,"column":55}}},"fnMap":{"0":{"name":"(anonymous_0)","decl":{"start":{"line":32,"column":34},"end":{"line":32,"column":35}},"loc":{"start":{"line":32,"column":54},"end":{"line":34,"column":1}},"line":32},"1":{"name":"(anonymous_1)","decl":{"start":{"line":37,"column":35},"end":{"line":37,"column":36}},"loc":{"start":{"line":37,"column":55},"end":{"line":46,"column":1}},"line":37}},"branchMap":{"0":{"loc":{"start":{"line":38,"column":1},"end":{"line":44,"column":2}},"type":"if","locations":[{"start":{"line":38,"column":1},"end":{"line":44,"column":2}},{"start":{"line":38,"column":1},"end":{"line":44,"column":2}}],"line":38},"1":{"loc":{"start":{"line":40,"column":3},"end":{"line":42,"column":4}},"type":"if","locations":[{"start":{"line":40,"column":3},"end":{"line":42,"column":4}},{"start":{"line":40,"column":3},"end":{"line":42,"column":4}}],"line":40}},"s":{"0":1,"1":1,"2":1,"3":0,"4":1,"5":0,"6":0,"7":0,"8":0,"9":0,"10":1,"11":1},"f":{"0":0,"1":0},"b":{"0":[0,0],"1":[0,0]},"_coverageSchema":"1a1c01bbd47fc00a2c39e90264f33305004495a9","hash":"1e6550703bfcdebfb0e48bed75e26778b714baa6"}
,"/home/zach/git/rpgtools/server/src/resolvers/mutation-resolver.js": {"path":"/home/zach/git/rpgtools/server/src/resolvers/mutation-resolver.js","statementMap":{},"fnMap":{},"branchMap":{},"s":{},"f":{},"b":{},"_coverageSchema":"1a1c01bbd47fc00a2c39e90264f33305004495a9","hash":"d6a6ead7dba7e4fa793222e728375342429f761b"}
,"/home/zach/git/rpgtools/server/src/resolvers/query-resolver.js": {"path":"/home/zach/git/rpgtools/server/src/resolvers/query-resolver.js","statementMap":{"0":{"start":{"line":12,"column":41},"end":{"line":12,"column":60}},"1":{"start":{"line":14,"column":2},"end":{"line":14,"column":51}},"2":{"start":{"line":17,"column":21},"end":{"line":17,"column":56}},"3":{"start":{"line":19,"column":2},"end":{"line":21,"column":3}},"4":{"start":{"line":20,"column":3},"end":{"line":20,"column":15}},"5":{"start":{"line":22,"column":2},"end":{"line":22,"column":62}},"6":{"start":{"line":23,"column":2},"end":{"line":25,"column":3}},"7":{"start":{"line":24,"column":3},"end":{"line":24,"column":15}},"8":{"start":{"line":27,"column":2},"end":{"line":31,"column":19}},"9":{"start":{"line":33,"column":2},"end":{"line":33,"column":15}},"10":{"start":{"line":37,"column":20},"end":{"line":37,"column":21}},"11":{"start":{"line":39,"column":18},"end":{"line":39,"column":54}},"12":{"start":{"line":40,"column":24},"end":{"line":40,"column":66}},"13":{"start":{"line":41,"column":2},"end":{"line":43,"column":3}},"14":{"start":{"line":42,"column":3},"end":{"line":42,"column":49}},"15":{"start":{"line":44,"column":2},"end":{"line":44,"column":95}},"16":{"start":{"line":44,"column":57},"end":{"line":44,"column":93}},"17":{"start":{"line":45,"column":28},"end":{"line":45,"column":81}},"18":{"start":{"line":45,"column":62},"end":{"line":45,"column":80}},"19":{"start":{"line":46,"column":25},"end":{"line":111,"column":4}},"20":{"start":{"line":113,"column":2},"end":{"line":115,"column":3}},"21":{"start":{"line":114,"column":3},"end":{"line":114,"column":12}},"22":{"start":{"line":116,"column":18},"end":{"line":119,"column":4}},"23":{"start":{"line":121,"column":15},"end":{"line":121,"column":17}},"24":{"start":{"line":122,"column":2},"end":{"line":124,"column":3}},"25":{"start":{"line":123,"column":3},"end":{"line":123,"column":46}},"26":{"start":{"line":125,"column":2},"end":{"line":125,"column":22}},"27":{"start":{"line":126,"column":2},"end":{"line":126,"column":17}},"28":{"start":{"line":129,"column":18},"end":{"line":129,"column":55}},"29":{"start":{"line":130,"column":2},"end":{"line":132,"column":3}},"30":{"start":{"line":131,"column":3},"end":{"line":131,"column":72}},"31":{"start":{"line":133,"column":2},"end":{"line":135,"column":3}},"32":{"start":{"line":134,"column":3},"end":{"line":134,"column":76}},"33":{"start":{"line":137,"column":2},"end":{"line":137,"column":19}},"34":{"start":{"line":140,"column":23},"end":{"line":140,"column":86}},"35":{"start":{"line":141,"column":2},"end":{"line":143,"column":3}},"36":{"start":{"line":142,"column":3},"end":{"line":142,"column":28}},"37":{"start":{"line":144,"column":21},"end":{"line":144,"column":58}},"38":{"start":{"line":145,"column":22},"end":{"line":145,"column":24}},"39":{"start":{"line":146,"column":2},"end":{"line":150,"column":3}},"40":{"start":{"line":147,"column":3},"end":{"line":149,"column":4}},"41":{"start":{"line":148,"column":4},"end":{"line":148,"column":27}},"42":{"start":{"line":151,"column":2},"end":{"line":151,"column":32}},"43":{"start":{"line":152,"column":2},"end":{"line":152,"column":20}},"44":{"start":{"line":155,"column":2},"end":{"line":155,"column":80}},"45":{"start":{"line":158,"column":2},"end":{"line":158,"column":88}}},"fnMap":{"0":{"name":"(anonymous_0)","decl":{"start":{"line":12,"column":14},"end":{"line":12,"column":15}},"loc":{"start":{"line":12,"column":41},"end":{"line":12,"column":60}},"line":12},"1":{"name":"(anonymous_1)","decl":{"start":{"line":13,"column":15},"end":{"line":13,"column":16}},"loc":{"start":{"line":13,"column":27},"end":{"line":15,"column":2}},"line":13},"2":{"name":"(anonymous_2)","decl":{"start":{"line":16,"column":11},"end":{"line":16,"column":12}},"loc":{"start":{"line":16,"column":55},"end":{"line":34,"column":2}},"line":16},"3":{"name":"(anonymous_3)","decl":{"start":{"line":35,"column":9},"end":{"line":35,"column":10}},"loc":{"start":{"line":35,"column":45},"end":{"line":127,"column":2}},"line":35},"4":{"name":"(anonymous_4)","decl":{"start":{"line":44,"column":43},"end":{"line":44,"column":44}},"loc":{"start":{"line":44,"column":57},"end":{"line":44,"column":93}},"line":44},"5":{"name":"(anonymous_5)","decl":{"start":{"line":45,"column":48},"end":{"line":45,"column":49}},"loc":{"start":{"line":45,"column":62},"end":{"line":45,"column":80}},"line":45},"6":{"name":"(anonymous_6)","decl":{"start":{"line":128,"column":7},"end":{"line":128,"column":8}},"loc":{"start":{"line":128,"column":45},"end":{"line":138,"column":2}},"line":128},"7":{"name":"(anonymous_7)","decl":{"start":{"line":139,"column":8},"end":{"line":139,"column":9}},"loc":{"start":{"line":139,"column":59},"end":{"line":153,"column":2}},"line":139},"8":{"name":"(anonymous_8)","decl":{"start":{"line":154,"column":8},"end":{"line":154,"column":9}},"loc":{"start":{"line":154,"column":33},"end":{"line":156,"column":2}},"line":154},"9":{"name":"(anonymous_9)","decl":{"start":{"line":157,"column":8},"end":{"line":157,"column":9}},"loc":{"start":{"line":157,"column":38},"end":{"line":159,"column":2}},"line":157}},"branchMap":{"0":{"loc":{"start":{"line":19,"column":2},"end":{"line":21,"column":3}},"type":"if","locations":[{"start":{"line":19,"column":2},"end":{"line":21,"column":3}},{"start":{"line":19,"column":2},"end":{"line":21,"column":3}}],"line":19},"1":{"loc":{"start":{"line":23,"column":2},"end":{"line":25,"column":3}},"type":"if","locations":[{"start":{"line":23,"column":2},"end":{"line":25,"column":3}},{"start":{"line":23,"column":2},"end":{"line":25,"column":3}}],"line":23},"2":{"loc":{"start":{"line":39,"column":18},"end":{"line":39,"column":54}},"type":"cond-expr","locations":[{"start":{"line":39,"column":32},"end":{"line":39,"column":49}},{"start":{"line":39,"column":52},"end":{"line":39,"column":54}}],"line":39},"3":{"loc":{"start":{"line":40,"column":24},"end":{"line":40,"column":66}},"type":"cond-expr","locations":[{"start":{"line":40,"column":38},"end":{"line":40,"column":61}},{"start":{"line":40,"column":64},"end":{"line":40,"column":66}}],"line":40},"4":{"loc":{"start":{"line":113,"column":2},"end":{"line":115,"column":3}},"type":"if","locations":[{"start":{"line":113,"column":2},"end":{"line":115,"column":3}},{"start":{"line":113,"column":2},"end":{"line":115,"column":3}}],"line":113},"5":{"loc":{"start":{"line":130,"column":2},"end":{"line":132,"column":3}},"type":"if","locations":[{"start":{"line":130,"column":2},"end":{"line":132,"column":3}},{"start":{"line":130,"column":2},"end":{"line":132,"column":3}}],"line":130},"6":{"loc":{"start":{"line":130,"column":5},"end":{"line":130,"column":60}},"type":"binary-expr","locations":[{"start":{"line":130,"column":5},"end":{"line":130,"column":14}},{"start":{"line":130,"column":18},"end":{"line":130,"column":60}}],"line":130},"7":{"loc":{"start":{"line":133,"column":2},"end":{"line":135,"column":3}},"type":"if","locations":[{"start":{"line":133,"column":2},"end":{"line":135,"column":3}},{"start":{"line":133,"column":2},"end":{"line":135,"column":3}}],"line":133},"8":{"loc":{"start":{"line":141,"column":2},"end":{"line":143,"column":3}},"type":"if","locations":[{"start":{"line":141,"column":2},"end":{"line":143,"column":3}},{"start":{"line":141,"column":2},"end":{"line":143,"column":3}}],"line":141},"9":{"loc":{"start":{"line":147,"column":3},"end":{"line":149,"column":4}},"type":"if","locations":[{"start":{"line":147,"column":3},"end":{"line":149,"column":4}},{"start":{"line":147,"column":3},"end":{"line":149,"column":4}}],"line":147}},"s":{"0":0,"1":0,"2":0,"3":0,"4":0,"5":0,"6":0,"7":0,"8":0,"9":0,"10":0,"11":0,"12":0,"13":0,"14":0,"15":0,"16":0,"17":0,"18":0,"19":0,"20":0,"21":0,"22":0,"23":0,"24":0,"25":0,"26":0,"27":0,"28":0,"29":0,"30":0,"31":0,"32":0,"33":0,"34":0,"35":0,"36":0,"37":0,"38":0,"39":0,"40":0,"41":0,"42":0,"43":0,"44":0,"45":0},"f":{"0":0,"1":0,"2":0,"3":0,"4":0,"5":0,"6":0,"7":0,"8":0,"9":0},"b":{"0":[0,0],"1":[0,0],"2":[0,0],"3":[0,0],"4":[0,0],"5":[0,0],"6":[0,0],"7":[0,0],"8":[0,0],"9":[0,0]},"_coverageSchema":"1a1c01bbd47fc00a2c39e90264f33305004495a9","hash":"2ac63051af8f82399b8f2ce1c246d71dac228a63"}
,"/home/zach/git/rpgtools/server/src/resolvers/server-resolvers.js": {"path":"/home/zach/git/rpgtools/server/src/resolvers/server-resolvers.js","statementMap":{"0":{"start":{"line":15,"column":29},"end":{"line":34,"column":1}},"1":{"start":{"line":15,"column":48},"end":{"line":34,"column":1}},"2":{"start":{"line":16,"column":16},"end":{"line":16,"column":18}},"3":{"start":{"line":17,"column":1},"end":{"line":32,"column":2}},"4":{"start":{"line":18,"column":19},"end":{"line":18,"column":101}},"5":{"start":{"line":19,"column":2},"end":{"line":21,"column":3}},"6":{"start":{"line":20,"column":3},"end":{"line":20,"column":12}},"7":{"start":{"line":22,"column":2},"end":{"line":24,"column":3}},"8":{"start":{"line":23,"column":3},"end":{"line":23,"column":12}},"9":{"start":{"line":25,"column":16},"end":{"line":30,"column":4}},"10":{"start":{"line":31,"column":2},"end":{"line":31,"column":36}},"11":{"start":{"line":33,"column":1},"end":{"line":33,"column":17}},"12":{"start":{"line":36,"column":31},"end":{"line":244,"column":1}},"13":{"start":{"line":41,"column":15},"end":{"line":41,"column":17}},"14":{"start":{"line":42,"column":3},"end":{"line":46,"column":4}},"15":{"start":{"line":43,"column":4},"end":{"line":45,"column":5}},"16":{"start":{"line":44,"column":5},"end":{"line":44,"column":22}},"17":{"start":{"line":47,"column":3},"end":{"line":47,"column":16}},"18":{"start":{"line":50,"column":3},"end":{"line":52,"column":4}},"19":{"start":{"line":51,"column":4},"end":{"line":51,"column":28}},"20":{"start":{"line":53,"column":3},"end":{"line":53,"column":15}},"21":{"start":{"line":56,"column":3},"end":{"line":58,"column":4}},"22":{"start":{"line":57,"column":4},"end":{"line":57,"column":26}},"23":{"start":{"line":59,"column":3},"end":{"line":59,"column":15}},"24":{"start":{"line":62,"column":3},"end":{"line":62,"column":48}},"25":{"start":{"line":65,"column":16},"end":{"line":65,"column":18}},"26":{"start":{"line":66,"column":3},"end":{"line":70,"column":4}},"27":{"start":{"line":67,"column":4},"end":{"line":69,"column":5}},"28":{"start":{"line":68,"column":5},"end":{"line":68,"column":20}},"29":{"start":{"line":71,"column":3},"end":{"line":71,"column":15}},"30":{"start":{"line":74,"column":19},"end":{"line":74,"column":21}},"31":{"start":{"line":75,"column":24},"end":{"line":75,"column":92}},"32":{"start":{"line":76,"column":3},"end":{"line":83,"column":4}},"33":{"start":{"line":77,"column":4},"end":{"line":82,"column":5}},"34":{"start":{"line":78,"column":5},"end":{"line":80,"column":8}},"35":{"start":{"line":79,"column":6},"end":{"line":79,"column":48}},"36":{"start":{"line":81,"column":5},"end":{"line":81,"column":26}},"37":{"start":{"line":84,"column":3},"end":{"line":84,"column":18}},"38":{"start":{"line":88,"column":3},"end":{"line":88,"column":57}},"39":{"start":{"line":93,"column":3},"end":{"line":93,"column":40}},"40":{"start":{"line":98,"column":3},"end":{"line":100,"column":4}},"41":{"start":{"line":99,"column":4},"end":{"line":99,"column":14}},"42":{"start":{"line":101,"column":3},"end":{"line":101,"column":21}},"43":{"start":{"line":104,"column":3},"end":{"line":106,"column":4}},"44":{"start":{"line":105,"column":4},"end":{"line":105,"column":22}},"45":{"start":{"line":107,"column":17},"end":{"line":107,"column":19}},"46":{"start":{"line":108,"column":3},"end":{"line":112,"column":4}},"47":{"start":{"line":109,"column":4},"end":{"line":111,"column":5}},"48":{"start":{"line":110,"column":5},"end":{"line":110,"column":21}},"49":{"start":{"line":113,"column":3},"end":{"line":113,"column":16}},"50":{"start":{"line":116,"column":3},"end":{"line":118,"column":4}},"51":{"start":{"line":117,"column":4},"end":{"line":117,"column":28}},"52":{"start":{"line":119,"column":23},"end":{"line":119,"column":25}},"53":{"start":{"line":120,"column":3},"end":{"line":124,"column":4}},"54":{"start":{"line":121,"column":4},"end":{"line":123,"column":5}},"55":{"start":{"line":122,"column":5},"end":{"line":122,"column":34}},"56":{"start":{"line":125,"column":3},"end":{"line":125,"column":22}},"57":{"start":{"line":128,"column":3},"end":{"line":130,"column":4}},"58":{"start":{"line":129,"column":4},"end":{"line":129,"column":16}},"59":{"start":{"line":131,"column":3},"end":{"line":131,"column":28}},"60":{"start":{"line":136,"column":3},"end":{"line":138,"column":4}},"61":{"start":{"line":137,"column":4},"end":{"line":137,"column":28}},"62":{"start":{"line":139,"column":23},"end":{"line":139,"column":25}},"63":{"start":{"line":140,"column":3},"end":{"line":144,"column":4}},"64":{"start":{"line":141,"column":4},"end":{"line":143,"column":5}},"65":{"start":{"line":142,"column":5},"end":{"line":142,"column":34}},"66":{"start":{"line":145,"column":3},"end":{"line":145,"column":22}},"67":{"start":{"line":148,"column":3},"end":{"line":148,"column":41}},"68":{"start":{"line":152,"column":3},"end":{"line":154,"column":4}},"69":{"start":{"line":153,"column":4},"end":{"line":153,"column":14}},"70":{"start":{"line":155,"column":3},"end":{"line":155,"column":39}},"71":{"start":{"line":162,"column":3},"end":{"line":162,"column":20}},"72":{"start":{"line":167,"column":3},"end":{"line":167,"column":47}},"73":{"start":{"line":173,"column":3},"end":{"line":173,"column":49}},"74":{"start":{"line":179,"column":3},"end":{"line":179,"column":48}},"75":{"start":{"line":185,"column":20},"end":{"line":185,"column":22}},"76":{"start":{"line":186,"column":3},"end":{"line":186,"column":52}},"77":{"start":{"line":187,"column":3},"end":{"line":191,"column":4}},"78":{"start":{"line":188,"column":4},"end":{"line":190,"column":5}},"79":{"start":{"line":189,"column":5},"end":{"line":189,"column":26}},"80":{"start":{"line":192,"column":3},"end":{"line":192,"column":19}},"81":{"start":{"line":195,"column":17},"end":{"line":195,"column":19}},"82":{"start":{"line":196,"column":3},"end":{"line":200,"column":4}},"83":{"start":{"line":197,"column":4},"end":{"line":199,"column":5}},"84":{"start":{"line":198,"column":5},"end":{"line":198,"column":22}},"85":{"start":{"line":201,"column":3},"end":{"line":201,"column":16}},"86":{"start":{"line":204,"column":3},"end":{"line":204,"column":49}},"87":{"start":{"line":210,"column":3},"end":{"line":210,"column":48}},"88":{"start":{"line":215,"column":3},"end":{"line":215,"column":46}},"89":{"start":{"line":220,"column":3},"end":{"line":222,"column":4}},"90":{"start":{"line":221,"column":4},"end":{"line":221,"column":14}},"91":{"start":{"line":223,"column":3},"end":{"line":225,"column":4}},"92":{"start":{"line":224,"column":4},"end":{"line":224,"column":14}},"93":{"start":{"line":226,"column":3},"end":{"line":226,"column":31}},"94":{"start":{"line":229,"column":3},"end":{"line":231,"column":4}},"95":{"start":{"line":230,"column":4},"end":{"line":230,"column":14}},"96":{"start":{"line":232,"column":3},"end":{"line":234,"column":4}},"97":{"start":{"line":233,"column":4},"end":{"line":233,"column":14}},"98":{"start":{"line":235,"column":3},"end":{"line":235,"column":54}},"99":{"start":{"line":236,"column":3},"end":{"line":236,"column":28}},"100":{"start":{"line":241,"column":3},"end":{"line":241,"column":53}}},"fnMap":{"0":{"name":"(anonymous_0)","decl":{"start":{"line":15,"column":29},"end":{"line":15,"column":30}},"loc":{"start":{"line":15,"column":48},"end":{"line":34,"column":1}},"line":15},"1":{"name":"(anonymous_1)","decl":{"start":{"line":15,"column":48},"end":{"line":15,"column":49}},"loc":{"start":{"line":15,"column":85},"end":{"line":34,"column":1}},"line":15},"2":{"name":"(anonymous_2)","decl":{"start":{"line":40,"column":9},"end":{"line":40,"column":10}},"loc":{"start":{"line":40,"column":44},"end":{"line":48,"column":3}},"line":40},"3":{"name":"(anonymous_3)","decl":{"start":{"line":49,"column":14},"end":{"line":49,"column":15}},"loc":{"start":{"line":49,"column":49},"end":{"line":54,"column":3}},"line":49},"4":{"name":"(anonymous_4)","decl":{"start":{"line":55,"column":12},"end":{"line":55,"column":13}},"loc":{"start":{"line":55,"column":47},"end":{"line":60,"column":3}},"line":55},"5":{"name":"(anonymous_5)","decl":{"start":{"line":61,"column":12},"end":{"line":61,"column":13}},"loc":{"start":{"line":61,"column":47},"end":{"line":63,"column":3}},"line":61},"6":{"name":"(anonymous_6)","decl":{"start":{"line":64,"column":8},"end":{"line":64,"column":9}},"loc":{"start":{"line":64,"column":43},"end":{"line":72,"column":3}},"line":64},"7":{"name":"(anonymous_7)","decl":{"start":{"line":73,"column":11},"end":{"line":73,"column":12}},"loc":{"start":{"line":73,"column":46},"end":{"line":85,"column":3}},"line":73},"8":{"name":"(anonymous_8)","decl":{"start":{"line":78,"column":40},"end":{"line":78,"column":41}},"loc":{"start":{"line":78,"column":56},"end":{"line":80,"column":6}},"line":78},"9":{"name":"(anonymous_9)","decl":{"start":{"line":87,"column":15},"end":{"line":87,"column":16}},"loc":{"start":{"line":87,"column":50},"end":{"line":89,"column":3}},"line":87},"10":{"name":"(anonymous_10)","decl":{"start":{"line":92,"column":17},"end":{"line":92,"column":18}},"loc":{"start":{"line":92,"column":36},"end":{"line":94,"column":3}},"line":92},"11":{"name":"(anonymous_11)","decl":{"start":{"line":97,"column":9},"end":{"line":97,"column":10}},"loc":{"start":{"line":97,"column":43},"end":{"line":102,"column":3}},"line":97},"12":{"name":"(anonymous_12)","decl":{"start":{"line":103,"column":9},"end":{"line":103,"column":10}},"loc":{"start":{"line":103,"column":43},"end":{"line":114,"column":3}},"line":103},"13":{"name":"(anonymous_13)","decl":{"start":{"line":115,"column":15},"end":{"line":115,"column":16}},"loc":{"start":{"line":115,"column":49},"end":{"line":126,"column":3}},"line":115},"14":{"name":"(anonymous_14)","decl":{"start":{"line":127,"column":16},"end":{"line":127,"column":17}},"loc":{"start":{"line":127,"column":50},"end":{"line":132,"column":3}},"line":127},"15":{"name":"(anonymous_15)","decl":{"start":{"line":135,"column":15},"end":{"line":135,"column":16}},"loc":{"start":{"line":135,"column":49},"end":{"line":146,"column":3}},"line":135},"16":{"name":"(anonymous_16)","decl":{"start":{"line":147,"column":12},"end":{"line":147,"column":13}},"loc":{"start":{"line":147,"column":46},"end":{"line":149,"column":3}},"line":147},"17":{"name":"(anonymous_17)","decl":{"start":{"line":150,"column":11},"end":{"line":150,"column":12}},"loc":{"start":{"line":150,"column":45},"end":{"line":157,"column":3}},"line":150},"18":{"name":"(anonymous_18)","decl":{"start":{"line":161,"column":17},"end":{"line":161,"column":18}},"loc":{"start":{"line":161,"column":33},"end":{"line":163,"column":3}},"line":161},"19":{"name":"(anonymous_19)","decl":{"start":{"line":166,"column":12},"end":{"line":166,"column":13}},"loc":{"start":{"line":166,"column":46},"end":{"line":168,"column":3}},"line":166},"20":{"name":"(anonymous_20)","decl":{"start":{"line":172,"column":12},"end":{"line":172,"column":13}},"loc":{"start":{"line":172,"column":48},"end":{"line":174,"column":3}},"line":172},"21":{"name":"(anonymous_21)","decl":{"start":{"line":178,"column":12},"end":{"line":178,"column":13}},"loc":{"start":{"line":178,"column":47},"end":{"line":180,"column":3}},"line":178},"22":{"name":"(anonymous_22)","decl":{"start":{"line":184,"column":12},"end":{"line":184,"column":13}},"loc":{"start":{"line":184,"column":48},"end":{"line":193,"column":3}},"line":184},"23":{"name":"(anonymous_23)","decl":{"start":{"line":194,"column":9},"end":{"line":194,"column":10}},"loc":{"start":{"line":194,"column":45},"end":{"line":202,"column":3}},"line":194},"24":{"name":"(anonymous_24)","decl":{"start":{"line":203,"column":12},"end":{"line":203,"column":13}},"loc":{"start":{"line":203,"column":48},"end":{"line":205,"column":3}},"line":203},"25":{"name":"(anonymous_25)","decl":{"start":{"line":209,"column":12},"end":{"line":209,"column":13}},"loc":{"start":{"line":209,"column":47},"end":{"line":211,"column":3}},"line":209},"26":{"name":"(anonymous_26)","decl":{"start":{"line":214,"column":12},"end":{"line":214,"column":13}},"loc":{"start":{"line":214,"column":45},"end":{"line":216,"column":3}},"line":214},"27":{"name":"(anonymous_27)","decl":{"start":{"line":219,"column":17},"end":{"line":219,"column":18}},"loc":{"start":{"line":219,"column":53},"end":{"line":227,"column":3}},"line":219},"28":{"name":"(anonymous_28)","decl":{"start":{"line":228,"column":14},"end":{"line":228,"column":15}},"loc":{"start":{"line":228,"column":50},"end":{"line":237,"column":3}},"line":228},"29":{"name":"(anonymous_29)","decl":{"start":{"line":240,"column":12},"end":{"line":240,"column":13}},"loc":{"start":{"line":240,"column":52},"end":{"line":242,"column":3}},"line":240}},"branchMap":{"0":{"loc":{"start":{"line":19,"column":2},"end":{"line":21,"column":3}},"type":"if","locations":[{"start":{"line":19,"column":2},"end":{"line":21,"column":3}},{"start":{"line":19,"column":2},"end":{"line":21,"column":3}}],"line":19},"1":{"loc":{"start":{"line":22,"column":2},"end":{"line":24,"column":3}},"type":"if","locations":[{"start":{"line":22,"column":2},"end":{"line":24,"column":3}},{"start":{"line":22,"column":2},"end":{"line":24,"column":3}}],"line":22},"2":{"loc":{"start":{"line":43,"column":4},"end":{"line":45,"column":5}},"type":"if","locations":[{"start":{"line":43,"column":4},"end":{"line":45,"column":5}},{"start":{"line":43,"column":4},"end":{"line":45,"column":5}}],"line":43},"3":{"loc":{"start":{"line":50,"column":3},"end":{"line":52,"column":4}},"type":"if","locations":[{"start":{"line":50,"column":3},"end":{"line":52,"column":4}},{"start":{"line":50,"column":3},"end":{"line":52,"column":4}}],"line":50},"4":{"loc":{"start":{"line":56,"column":3},"end":{"line":58,"column":4}},"type":"if","locations":[{"start":{"line":56,"column":3},"end":{"line":58,"column":4}},{"start":{"line":56,"column":3},"end":{"line":58,"column":4}}],"line":56},"5":{"loc":{"start":{"line":67,"column":4},"end":{"line":69,"column":5}},"type":"if","locations":[{"start":{"line":67,"column":4},"end":{"line":69,"column":5}},{"start":{"line":67,"column":4},"end":{"line":69,"column":5}}],"line":67},"6":{"loc":{"start":{"line":77,"column":4},"end":{"line":82,"column":5}},"type":"if","locations":[{"start":{"line":77,"column":4},"end":{"line":82,"column":5}},{"start":{"line":77,"column":4},"end":{"line":82,"column":5}}],"line":77},"7":{"loc":{"start":{"line":98,"column":3},"end":{"line":100,"column":4}},"type":"if","locations":[{"start":{"line":98,"column":3},"end":{"line":100,"column":4}},{"start":{"line":98,"column":3},"end":{"line":100,"column":4}}],"line":98},"8":{"loc":{"start":{"line":104,"column":3},"end":{"line":106,"column":4}},"type":"if","locations":[{"start":{"line":104,"column":3},"end":{"line":106,"column":4}},{"start":{"line":104,"column":3},"end":{"line":106,"column":4}}],"line":104},"9":{"loc":{"start":{"line":109,"column":4},"end":{"line":111,"column":5}},"type":"if","locations":[{"start":{"line":109,"column":4},"end":{"line":111,"column":5}},{"start":{"line":109,"column":4},"end":{"line":111,"column":5}}],"line":109},"10":{"loc":{"start":{"line":116,"column":3},"end":{"line":118,"column":4}},"type":"if","locations":[{"start":{"line":116,"column":3},"end":{"line":118,"column":4}},{"start":{"line":116,"column":3},"end":{"line":118,"column":4}}],"line":116},"11":{"loc":{"start":{"line":121,"column":4},"end":{"line":123,"column":5}},"type":"if","locations":[{"start":{"line":121,"column":4},"end":{"line":123,"column":5}},{"start":{"line":121,"column":4},"end":{"line":123,"column":5}}],"line":121},"12":{"loc":{"start":{"line":128,"column":3},"end":{"line":130,"column":4}},"type":"if","locations":[{"start":{"line":128,"column":3},"end":{"line":130,"column":4}},{"start":{"line":128,"column":3},"end":{"line":130,"column":4}}],"line":128},"13":{"loc":{"start":{"line":136,"column":3},"end":{"line":138,"column":4}},"type":"if","locations":[{"start":{"line":136,"column":3},"end":{"line":138,"column":4}},{"start":{"line":136,"column":3},"end":{"line":138,"column":4}}],"line":136},"14":{"loc":{"start":{"line":136,"column":6},"end":{"line":136,"column":55}},"type":"binary-expr","locations":[{"start":{"line":136,"column":6},"end":{"line":136,"column":28}},{"start":{"line":136,"column":32},"end":{"line":136,"column":55}}],"line":136},"15":{"loc":{"start":{"line":141,"column":4},"end":{"line":143,"column":5}},"type":"if","locations":[{"start":{"line":141,"column":4},"end":{"line":143,"column":5}},{"start":{"line":141,"column":4},"end":{"line":143,"column":5}}],"line":141},"16":{"loc":{"start":{"line":152,"column":3},"end":{"line":154,"column":4}},"type":"if","locations":[{"start":{"line":152,"column":3},"end":{"line":154,"column":4}},{"start":{"line":152,"column":3},"end":{"line":154,"column":4}}],"line":152},"17":{"loc":{"start":{"line":188,"column":4},"end":{"line":190,"column":5}},"type":"if","locations":[{"start":{"line":188,"column":4},"end":{"line":190,"column":5}},{"start":{"line":188,"column":4},"end":{"line":190,"column":5}}],"line":188},"18":{"loc":{"start":{"line":197,"column":4},"end":{"line":199,"column":5}},"type":"if","locations":[{"start":{"line":197,"column":4},"end":{"line":199,"column":5}},{"start":{"line":197,"column":4},"end":{"line":199,"column":5}}],"line":197},"19":{"loc":{"start":{"line":220,"column":3},"end":{"line":222,"column":4}},"type":"if","locations":[{"start":{"line":220,"column":3},"end":{"line":222,"column":4}},{"start":{"line":220,"column":3},"end":{"line":222,"column":4}}],"line":220},"20":{"loc":{"start":{"line":223,"column":3},"end":{"line":225,"column":4}},"type":"if","locations":[{"start":{"line":223,"column":3},"end":{"line":225,"column":4}},{"start":{"line":223,"column":3},"end":{"line":225,"column":4}}],"line":223},"21":{"loc":{"start":{"line":229,"column":3},"end":{"line":231,"column":4}},"type":"if","locations":[{"start":{"line":229,"column":3},"end":{"line":231,"column":4}},{"start":{"line":229,"column":3},"end":{"line":231,"column":4}}],"line":229},"22":{"loc":{"start":{"line":232,"column":3},"end":{"line":234,"column":4}},"type":"if","locations":[{"start":{"line":232,"column":3},"end":{"line":234,"column":4}},{"start":{"line":232,"column":3},"end":{"line":234,"column":4}}],"line":232}},"s":{"0":1,"1":6,"2":0,"3":0,"4":0,"5":0,"6":0,"7":0,"8":0,"9":0,"10":0,"11":0,"12":1,"13":0,"14":0,"15":0,"16":0,"17":0,"18":0,"19":0,"20":0,"21":0,"22":0,"23":0,"24":0,"25":0,"26":0,"27":0,"28":0,"29":0,"30":0,"31":0,"32":0,"33":0,"34":0,"35":0,"36":0,"37":0,"38":0,"39":0,"40":0,"41":0,"42":0,"43":0,"44":0,"45":0,"46":0,"47":0,"48":0,"49":0,"50":0,"51":0,"52":0,"53":0,"54":0,"55":0,"56":0,"57":0,"58":0,"59":0,"60":0,"61":0,"62":0,"63":0,"64":0,"65":0,"66":0,"67":0,"68":0,"69":0,"70":0,"71":0,"72":0,"73":0,"74":0,"75":0,"76":0,"77":0,"78":0,"79":0,"80":0,"81":0,"82":0,"83":0,"84":0,"85":0,"86":0,"87":0,"88":0,"89":0,"90":0,"91":0,"92":0,"93":0,"94":0,"95":0,"96":0,"97":0,"98":0,"99":0,"100":0},"f":{"0":6,"1":0,"2":0,"3":0,"4":0,"5":0,"6":0,"7":0,"8":0,"9":0,"10":0,"11":0,"12":0,"13":0,"14":0,"15":0,"16":0,"17":0,"18":0,"19":0,"20":0,"21":0,"22":0,"23":0,"24":0,"25":0,"26":0,"27":0,"28":0,"29":0},"b":{"0":[0,0],"1":[0,0],"2":[0,0],"3":[0,0],"4":[0,0],"5":[0,0],"6":[0,0],"7":[0,0],"8":[0,0],"9":[0,0],"10":[0,0],"11":[0,0],"12":[0,0],"13":[0,0],"14":[0,0],"15":[0,0],"16":[0,0],"17":[0,0],"18":[0,0],"19":[0,0],"20":[0,0],"21":[0,0],"22":[0,0]},"_coverageSchema":"1a1c01bbd47fc00a2c39e90264f33305004495a9","hash":"168ad878015f55274d2393f44686628cd2fbe8d8"}
,"/home/zach/git/rpgtools/server/src/resolvers/mutations/authentication-mutations.js": {"path":"/home/zach/git/rpgtools/server/src/resolvers/mutations/authentication-mutations.js","statementMap":{"0":{"start":{"line":6,"column":27},"end":{"line":6,"column":29}},"1":{"start":{"line":8,"column":28},"end":{"line":20,"column":1}},"2":{"start":{"line":9,"column":1},"end":{"line":9,"column":51}},"3":{"start":{"line":10,"column":21},"end":{"line":10,"column":45}},"4":{"start":{"line":11,"column":1},"end":{"line":13,"column":2}},"5":{"start":{"line":12,"column":2},"end":{"line":12,"column":55}},"6":{"start":{"line":14,"column":1},"end":{"line":14,"column":45}},"7":{"start":{"line":15,"column":1},"end":{"line":17,"column":2}},"8":{"start":{"line":16,"column":2},"end":{"line":16,"column":58}},"9":{"start":{"line":19,"column":1},"end":{"line":19,"column":83}},"10":{"start":{"line":22,"column":39},"end":{"line":51,"column":1}},"11":{"start":{"line":24,"column":13},"end":{"line":24,"column":43}},"12":{"start":{"line":25,"column":2},"end":{"line":30,"column":3}},"13":{"start":{"line":26,"column":16},"end":{"line":26,"column":40}},"14":{"start":{"line":27,"column":3},"end":{"line":27,"column":84}},"15":{"start":{"line":28,"column":3},"end":{"line":28,"column":87}},"16":{"start":{"line":29,"column":3},"end":{"line":29,"column":15}},"17":{"start":{"line":31,"column":2},"end":{"line":31,"column":67}},"18":{"start":{"line":34,"column":2},"end":{"line":34,"column":33}},"19":{"start":{"line":35,"column":2},"end":{"line":35,"column":34}},"20":{"start":{"line":36,"column":2},"end":{"line":36,"column":33}},"21":{"start":{"line":37,"column":2},"end":{"line":37,"column":27}},"22":{"start":{"line":38,"column":2},"end":{"line":38,"column":19}},"23":{"start":{"line":42,"column":17},"end":{"line":42,"column":45}},"24":{"start":{"line":43,"column":2},"end":{"line":45,"column":3}},"25":{"start":{"line":44,"column":3},"end":{"line":44,"column":46}},"26":{"start":{"line":46,"column":2},"end":{"line":46,"column":84}},"27":{"start":{"line":46,"column":61},"end":{"line":46,"column":82}},"28":{"start":{"line":47,"column":2},"end":{"line":47,"column":22}},"29":{"start":{"line":48,"column":2},"end":{"line":48,"column":49}}},"fnMap":{"0":{"name":"(anonymous_0)","decl":{"start":{"line":8,"column":28},"end":{"line":8,"column":29}},"loc":{"start":{"line":8,"column":65},"end":{"line":20,"column":1}},"line":8},"1":{"name":"(anonymous_1)","decl":{"start":{"line":23,"column":8},"end":{"line":23,"column":9}},"loc":{"start":{"line":23,"column":55},"end":{"line":32,"column":2}},"line":23},"2":{"name":"(anonymous_2)","decl":{"start":{"line":33,"column":23},"end":{"line":33,"column":24}},"loc":{"start":{"line":33,"column":67},"end":{"line":40,"column":2}},"line":33},"3":{"name":"(anonymous_3)","decl":{"start":{"line":41,"column":11},"end":{"line":41,"column":12}},"loc":{"start":{"line":41,"column":72},"end":{"line":49,"column":2}},"line":41},"4":{"name":"(anonymous_4)","decl":{"start":{"line":46,"column":53},"end":{"line":46,"column":54}},"loc":{"start":{"line":46,"column":61},"end":{"line":46,"column":82}},"line":46}},"branchMap":{"0":{"loc":{"start":{"line":11,"column":1},"end":{"line":13,"column":2}},"type":"if","locations":[{"start":{"line":11,"column":1},"end":{"line":13,"column":2}},{"start":{"line":11,"column":1},"end":{"line":13,"column":2}}],"line":11},"1":{"loc":{"start":{"line":15,"column":1},"end":{"line":17,"column":2}},"type":"if","locations":[{"start":{"line":15,"column":1},"end":{"line":17,"column":2}},{"start":{"line":15,"column":1},"end":{"line":17,"column":2}}],"line":15},"2":{"loc":{"start":{"line":25,"column":2},"end":{"line":30,"column":3}},"type":"if","locations":[{"start":{"line":25,"column":2},"end":{"line":30,"column":3}},{"start":{"line":25,"column":2},"end":{"line":30,"column":3}}],"line":25},"3":{"loc":{"start":{"line":25,"column":6},"end":{"line":25,"column":57}},"type":"binary-expr","locations":[{"start":{"line":25,"column":6},"end":{"line":25,"column":10}},{"start":{"line":25,"column":14},"end":{"line":25,"column":57}}],"line":25},"4":{"loc":{"start":{"line":43,"column":2},"end":{"line":45,"column":3}},"type":"if","locations":[{"start":{"line":43,"column":2},"end":{"line":45,"column":3}},{"start":{"line":43,"column":2},"end":{"line":45,"column":3}}],"line":43}},"s":{"0":1,"1":1,"2":0,"3":0,"4":0,"5":0,"6":0,"7":0,"8":0,"9":0,"10":1,"11":2,"12":2,"13":1,"14":1,"15":1,"16":1,"17":1,"18":0,"19":0,"20":0,"21":0,"22":0,"23":0,"24":0,"25":0,"26":0,"27":0,"28":0,"29":0},"f":{"0":0,"1":2,"2":0,"3":0,"4":0},"b":{"0":[0,0],"1":[0,0],"2":[1,1],"3":[2,2],"4":[0,0]},"_coverageSchema":"1a1c01bbd47fc00a2c39e90264f33305004495a9","hash":"54271eaa675ebd09a57ea2e8aa703cc46f60006a"}
,"/home/zach/git/rpgtools/server/src/resolvers/mutations/authorization-mutations.js": {"path":"/home/zach/git/rpgtools/server/src/resolvers/mutations/authorization-mutations.js","statementMap":{"0":{"start":{"line":11,"column":38},"end":{"line":182,"column":1}},"1":{"start":{"line":14,"column":22},"end":{"line":14,"column":110}},"2":{"start":{"line":15,"column":2},"end":{"line":17,"column":3}},"3":{"start":{"line":16,"column":3},"end":{"line":16,"column":111}},"4":{"start":{"line":18,"column":2},"end":{"line":20,"column":3}},"5":{"start":{"line":19,"column":3},"end":{"line":19,"column":120}},"6":{"start":{"line":22,"column":15},"end":{"line":22,"column":66}},"7":{"start":{"line":23,"column":2},"end":{"line":25,"column":3}},"8":{"start":{"line":24,"column":3},"end":{"line":24,"column":42}},"9":{"start":{"line":27,"column":2},"end":{"line":31,"column":3}},"10":{"start":{"line":28,"column":3},"end":{"line":30,"column":4}},"11":{"start":{"line":29,"column":4},"end":{"line":29,"column":39}},"12":{"start":{"line":33,"column":2},"end":{"line":33,"column":29}},"13":{"start":{"line":34,"column":2},"end":{"line":34,"column":43}},"14":{"start":{"line":35,"column":2},"end":{"line":35,"column":20}},"15":{"start":{"line":36,"column":2},"end":{"line":36,"column":31}},"16":{"start":{"line":40,"column":15},"end":{"line":40,"column":66}},"17":{"start":{"line":41,"column":2},"end":{"line":43,"column":3}},"18":{"start":{"line":42,"column":3},"end":{"line":42,"column":42}},"19":{"start":{"line":45,"column":29},"end":{"line":45,"column":108}},"20":{"start":{"line":46,"column":2},"end":{"line":52,"column":3}},"21":{"start":{"line":47,"column":3},"end":{"line":49,"column":4}},"22":{"start":{"line":48,"column":4},"end":{"line":48,"column":112}},"23":{"start":{"line":50,"column":3},"end":{"line":50,"column":121}},"24":{"start":{"line":50,"column":66},"end":{"line":50,"column":119}},"25":{"start":{"line":51,"column":3},"end":{"line":51,"column":21}},"26":{"start":{"line":54,"column":2},"end":{"line":54,"column":38}},"27":{"start":{"line":58,"column":22},"end":{"line":58,"column":110}},"28":{"start":{"line":59,"column":2},"end":{"line":61,"column":3}},"29":{"start":{"line":60,"column":3},"end":{"line":60,"column":112}},"30":{"start":{"line":62,"column":2},"end":{"line":64,"column":3}},"31":{"start":{"line":63,"column":3},"end":{"line":63,"column":120}},"32":{"start":{"line":66,"column":15},"end":{"line":66,"column":66}},"33":{"start":{"line":67,"column":2},"end":{"line":69,"column":3}},"34":{"start":{"line":68,"column":3},"end":{"line":68,"column":42}},"35":{"start":{"line":71,"column":2},"end":{"line":75,"column":3}},"36":{"start":{"line":72,"column":3},"end":{"line":74,"column":4}},"37":{"start":{"line":73,"column":4},"end":{"line":73,"column":16}},"38":{"start":{"line":77,"column":2},"end":{"line":77,"column":29}},"39":{"start":{"line":78,"column":2},"end":{"line":78,"column":39}},"40":{"start":{"line":79,"column":2},"end":{"line":79,"column":20}},"41":{"start":{"line":80,"column":2},"end":{"line":80,"column":88}},"42":{"start":{"line":81,"column":2},"end":{"line":81,"column":14}},"43":{"start":{"line":85,"column":15},"end":{"line":85,"column":66}},"44":{"start":{"line":86,"column":2},"end":{"line":88,"column":3}},"45":{"start":{"line":87,"column":3},"end":{"line":87,"column":42}},"46":{"start":{"line":90,"column":29},"end":{"line":90,"column":108}},"47":{"start":{"line":91,"column":2},"end":{"line":97,"column":3}},"48":{"start":{"line":92,"column":3},"end":{"line":94,"column":4}},"49":{"start":{"line":93,"column":4},"end":{"line":93,"column":112}},"50":{"start":{"line":95,"column":3},"end":{"line":95,"column":121}},"51":{"start":{"line":95,"column":66},"end":{"line":95,"column":119}},"52":{"start":{"line":96,"column":3},"end":{"line":96,"column":21}},"53":{"start":{"line":99,"column":2},"end":{"line":99,"column":14}},"54":{"start":{"line":102,"column":16},"end":{"line":102,"column":63}},"55":{"start":{"line":103,"column":2},"end":{"line":105,"column":3}},"56":{"start":{"line":104,"column":3},"end":{"line":104,"column":61}},"57":{"start":{"line":106,"column":2},"end":{"line":108,"column":3}},"58":{"start":{"line":107,"column":3},"end":{"line":107,"column":82}},"59":{"start":{"line":109,"column":18},"end":{"line":109,"column":50}},"60":{"start":{"line":110,"column":2},"end":{"line":110,"column":28}},"61":{"start":{"line":111,"column":2},"end":{"line":111,"column":21}},"62":{"start":{"line":112,"column":20},"end":{"line":112,"column":120}},"63":{"start":{"line":113,"column":2},"end":{"line":113,"column":42}},"64":{"start":{"line":114,"column":2},"end":{"line":114,"column":27}},"65":{"start":{"line":115,"column":2},"end":{"line":115,"column":15}},"66":{"start":{"line":118,"column":15},"end":{"line":118,"column":42}},"67":{"start":{"line":119,"column":2},"end":{"line":121,"column":3}},"68":{"start":{"line":120,"column":3},"end":{"line":120,"column":51}},"69":{"start":{"line":122,"column":2},"end":{"line":124,"column":3}},"70":{"start":{"line":123,"column":3},"end":{"line":123,"column":75}},"71":{"start":{"line":125,"column":2},"end":{"line":127,"column":3}},"72":{"start":{"line":126,"column":3},"end":{"line":126,"column":50}},"73":{"start":{"line":128,"column":16},"end":{"line":128,"column":72}},"74":{"start":{"line":129,"column":2},"end":{"line":129,"column":93}},"75":{"start":{"line":129,"column":51},"end":{"line":129,"column":90}},"76":{"start":{"line":130,"column":2},"end":{"line":130,"column":21}},"77":{"start":{"line":131,"column":2},"end":{"line":131,"column":37}},"78":{"start":{"line":132,"column":2},"end":{"line":132,"column":40}},"79":{"start":{"line":133,"column":2},"end":{"line":133,"column":15}},"80":{"start":{"line":136,"column":15},"end":{"line":136,"column":42}},"81":{"start":{"line":137,"column":2},"end":{"line":139,"column":3}},"82":{"start":{"line":138,"column":3},"end":{"line":138,"column":51}},"83":{"start":{"line":141,"column":15},"end":{"line":141,"column":42}},"84":{"start":{"line":142,"column":2},"end":{"line":144,"column":3}},"85":{"start":{"line":143,"column":3},"end":{"line":143,"column":51}},"86":{"start":{"line":146,"column":2},"end":{"line":148,"column":3}},"87":{"start":{"line":147,"column":3},"end":{"line":147,"column":74}},"88":{"start":{"line":150,"column":2},"end":{"line":150,"column":24}},"89":{"start":{"line":151,"column":2},"end":{"line":151,"column":20}},"90":{"start":{"line":152,"column":2},"end":{"line":152,"column":85}},"91":{"start":{"line":153,"column":2},"end":{"line":153,"column":20}},"92":{"start":{"line":156,"column":15},"end":{"line":156,"column":42}},"93":{"start":{"line":157,"column":2},"end":{"line":159,"column":3}},"94":{"start":{"line":158,"column":3},"end":{"line":158,"column":51}},"95":{"start":{"line":161,"column":15},"end":{"line":161,"column":60}},"96":{"start":{"line":162,"column":2},"end":{"line":164,"column":3}},"97":{"start":{"line":163,"column":3},"end":{"line":163,"column":51}},"98":{"start":{"line":166,"column":2},"end":{"line":168,"column":3}},"99":{"start":{"line":167,"column":3},"end":{"line":167,"column":74}},"100":{"start":{"line":170,"column":2},"end":{"line":175,"column":3}},"101":{"start":{"line":171,"column":23},"end":{"line":171,"column":57}},"102":{"start":{"line":172,"column":3},"end":{"line":174,"column":4}},"103":{"start":{"line":173,"column":4},"end":{"line":173,"column":58}},"104":{"start":{"line":177,"column":2},"end":{"line":177,"column":77}},"105":{"start":{"line":177,"column":45},"end":{"line":177,"column":75}},"106":{"start":{"line":178,"column":2},"end":{"line":178,"column":20}},"107":{"start":{"line":179,"column":2},"end":{"line":179,"column":85}},"108":{"start":{"line":180,"column":2},"end":{"line":180,"column":20}}},"fnMap":{"0":{"name":"(anonymous_0)","decl":{"start":{"line":12,"column":22},"end":{"line":12,"column":23}},"loc":{"start":{"line":12,"column":96},"end":{"line":37,"column":2}},"line":12},"1":{"name":"(anonymous_1)","decl":{"start":{"line":38,"column":23},"end":{"line":38,"column":24}},"loc":{"start":{"line":38,"column":85},"end":{"line":55,"column":2}},"line":38},"2":{"name":"(anonymous_2)","decl":{"start":{"line":50,"column":46},"end":{"line":50,"column":47}},"loc":{"start":{"line":50,"column":66},"end":{"line":50,"column":119}},"line":50},"3":{"name":"(anonymous_3)","decl":{"start":{"line":56,"column":22},"end":{"line":56,"column":23}},"loc":{"start":{"line":56,"column":96},"end":{"line":82,"column":2}},"line":56},"4":{"name":"(anonymous_4)","decl":{"start":{"line":83,"column":23},"end":{"line":83,"column":24}},"loc":{"start":{"line":83,"column":85},"end":{"line":100,"column":2}},"line":83},"5":{"name":"(anonymous_5)","decl":{"start":{"line":95,"column":46},"end":{"line":95,"column":47}},"loc":{"start":{"line":95,"column":66},"end":{"line":95,"column":119}},"line":95},"6":{"name":"(anonymous_6)","decl":{"start":{"line":101,"column":27},"end":{"line":101,"column":28}},"loc":{"start":{"line":101,"column":72},"end":{"line":116,"column":2}},"line":101},"7":{"name":"(anonymous_7)","decl":{"start":{"line":117,"column":13},"end":{"line":117,"column":14}},"loc":{"start":{"line":117,"column":51},"end":{"line":134,"column":2}},"line":117},"8":{"name":"(anonymous_8)","decl":{"start":{"line":129,"column":35},"end":{"line":129,"column":36}},"loc":{"start":{"line":129,"column":50},"end":{"line":129,"column":91}},"line":129},"9":{"name":"(anonymous_9)","decl":{"start":{"line":135,"column":14},"end":{"line":135,"column":15}},"loc":{"start":{"line":135,"column":60},"end":{"line":154,"column":2}},"line":135},"10":{"name":"(anonymous_10)","decl":{"start":{"line":155,"column":17},"end":{"line":155,"column":18}},"loc":{"start":{"line":155,"column":63},"end":{"line":181,"column":2}},"line":155},"11":{"name":"(anonymous_11)","decl":{"start":{"line":177,"column":33},"end":{"line":177,"column":34}},"loc":{"start":{"line":177,"column":45},"end":{"line":177,"column":75}},"line":177}},"branchMap":{"0":{"loc":{"start":{"line":15,"column":2},"end":{"line":17,"column":3}},"type":"if","locations":[{"start":{"line":15,"column":2},"end":{"line":17,"column":3}},{"start":{"line":15,"column":2},"end":{"line":17,"column":3}}],"line":15},"1":{"loc":{"start":{"line":18,"column":2},"end":{"line":20,"column":3}},"type":"if","locations":[{"start":{"line":18,"column":2},"end":{"line":20,"column":3}},{"start":{"line":18,"column":2},"end":{"line":20,"column":3}}],"line":18},"2":{"loc":{"start":{"line":23,"column":2},"end":{"line":25,"column":3}},"type":"if","locations":[{"start":{"line":23,"column":2},"end":{"line":25,"column":3}},{"start":{"line":23,"column":2},"end":{"line":25,"column":3}}],"line":23},"3":{"loc":{"start":{"line":28,"column":3},"end":{"line":30,"column":4}},"type":"if","locations":[{"start":{"line":28,"column":3},"end":{"line":30,"column":4}},{"start":{"line":28,"column":3},"end":{"line":30,"column":4}}],"line":28},"4":{"loc":{"start":{"line":41,"column":2},"end":{"line":43,"column":3}},"type":"if","locations":[{"start":{"line":41,"column":2},"end":{"line":43,"column":3}},{"start":{"line":41,"column":2},"end":{"line":43,"column":3}}],"line":41},"5":{"loc":{"start":{"line":46,"column":2},"end":{"line":52,"column":3}},"type":"if","locations":[{"start":{"line":46,"column":2},"end":{"line":52,"column":3}},{"start":{"line":46,"column":2},"end":{"line":52,"column":3}}],"line":46},"6":{"loc":{"start":{"line":47,"column":3},"end":{"line":49,"column":4}},"type":"if","locations":[{"start":{"line":47,"column":3},"end":{"line":49,"column":4}},{"start":{"line":47,"column":3},"end":{"line":49,"column":4}}],"line":47},"7":{"loc":{"start":{"line":59,"column":2},"end":{"line":61,"column":3}},"type":"if","locations":[{"start":{"line":59,"column":2},"end":{"line":61,"column":3}},{"start":{"line":59,"column":2},"end":{"line":61,"column":3}}],"line":59},"8":{"loc":{"start":{"line":62,"column":2},"end":{"line":64,"column":3}},"type":"if","locations":[{"start":{"line":62,"column":2},"end":{"line":64,"column":3}},{"start":{"line":62,"column":2},"end":{"line":64,"column":3}}],"line":62},"9":{"loc":{"start":{"line":67,"column":2},"end":{"line":69,"column":3}},"type":"if","locations":[{"start":{"line":67,"column":2},"end":{"line":69,"column":3}},{"start":{"line":67,"column":2},"end":{"line":69,"column":3}}],"line":67},"10":{"loc":{"start":{"line":72,"column":3},"end":{"line":74,"column":4}},"type":"if","locations":[{"start":{"line":72,"column":3},"end":{"line":74,"column":4}},{"start":{"line":72,"column":3},"end":{"line":74,"column":4}}],"line":72},"11":{"loc":{"start":{"line":86,"column":2},"end":{"line":88,"column":3}},"type":"if","locations":[{"start":{"line":86,"column":2},"end":{"line":88,"column":3}},{"start":{"line":86,"column":2},"end":{"line":88,"column":3}}],"line":86},"12":{"loc":{"start":{"line":91,"column":2},"end":{"line":97,"column":3}},"type":"if","locations":[{"start":{"line":91,"column":2},"end":{"line":97,"column":3}},{"start":{"line":91,"column":2},"end":{"line":97,"column":3}}],"line":91},"13":{"loc":{"start":{"line":92,"column":3},"end":{"line":94,"column":4}},"type":"if","locations":[{"start":{"line":92,"column":3},"end":{"line":94,"column":4}},{"start":{"line":92,"column":3},"end":{"line":94,"column":4}}],"line":92},"14":{"loc":{"start":{"line":103,"column":2},"end":{"line":105,"column":3}},"type":"if","locations":[{"start":{"line":103,"column":2},"end":{"line":105,"column":3}},{"star
[...]
umn":3},"end":{"line":81,"column":24}},"41":{"start":{"line":84,"column":2},"end":{"line":84,"column":37}},"42":{"start":{"line":86,"column":2},"end":{"line":89,"column":3}},"43":{"start":{"line":87,"column":3},"end":{"line":87,"column":24}},"44":{"start":{"line":88,"column":3},"end":{"line":88,"column":23}},"45":{"start":{"line":91,"column":2},"end":{"line":91,"column":24}},"46":{"start":{"line":92,"column":2},"end":{"line":92,"column":55}},"47":{"start":{"line":93,"column":2},"end":{"line":93,"column":18}},"48":{"start":{"line":96,"column":19},"end":{"line":96,"column":68}},"49":{"start":{"line":97,"column":2},"end":{"line":99,"column":3}},"50":{"start":{"line":98,"column":3},"end":{"line":98,"column":42}},"51":{"start":{"line":101,"column":2},"end":{"line":103,"column":3}},"52":{"start":{"line":102,"column":3},"end":{"line":102,"column":71}},"53":{"start":{"line":105,"column":2},"end":{"line":107,"column":3}},"54":{"start":{"line":106,"column":3},"end":{"line":106,"column":64}},"55":{"start":{"line":109,"column":23},"end":{"line":109,"column":70}},"56":{"start":{"line":111,"column":2},"end":{"line":114,"column":3}},"57":{"start":{"line":112,"column":3},"end":{"line":112,"column":90}},"58":{"start":{"line":112,"column":58},"end":{"line":112,"column":88}},"59":{"start":{"line":113,"column":3},"end":{"line":113,"column":29}},"60":{"start":{"line":116,"column":2},"end":{"line":116,"column":41}},"61":{"start":{"line":117,"column":2},"end":{"line":117,"column":26}},"62":{"start":{"line":118,"column":2},"end":{"line":118,"column":24}}},"fnMap":{"0":{"name":"(anonymous_0)","decl":{"start":{"line":12,"column":27},"end":{"line":12,"column":28}},"loc":{"start":{"line":12,"column":78},"end":{"line":33,"column":2}},"line":12},"1":{"name":"(anonymous_1)","decl":{"start":{"line":34,"column":13},"end":{"line":34,"column":14}},"loc":{"start":{"line":34,"column":91},"end":{"line":94,"column":2}},"line":34},"2":{"name":"(anonymous_2)","decl":{"start":{"line":59,"column":22},"end":{"line":59,"column":23}},"loc":{"start":{"line":59,"column":43},"end":{"line":70,"column":5}},"line":59},"3":{"name":"(anonymous_3)","decl":{"start":{"line":63,"column":22},"end":{"line":63,"column":23}},"loc":{"start":{"line":63,"column":28},"end":{"line":66,"column":6}},"line":63},"4":{"name":"(anonymous_4)","decl":{"start":{"line":67,"column":24},"end":{"line":67,"column":25}},"loc":{"start":{"line":67,"column":33},"end":{"line":69,"column":6}},"line":67},"5":{"name":"(anonymous_5)","decl":{"start":{"line":95,"column":13},"end":{"line":95,"column":14}},"loc":{"start":{"line":95,"column":56},"end":{"line":119,"column":2}},"line":95},"6":{"name":"(anonymous_6)","decl":{"start":{"line":112,"column":50},"end":{"line":112,"column":51}},"loc":{"start":{"line":112,"column":58},"end":{"line":112,"column":88}},"line":112}},"branchMap":{"0":{"loc":{"start":{"line":14,"column":2},"end":{"line":16,"column":3}},"type":"if","locations":[{"start":{"line":14,"column":2},"end":{"line":16,"column":3}},{"start":{"line":14,"column":2},"end":{"line":16,"column":3}}],"line":14},"1":{"loc":{"start":{"line":18,"column":2},"end":{"line":20,"column":3}},"type":"if","locations":[{"start":{"line":18,"column":2},"end":{"line":20,"column":3}},{"start":{"line":18,"column":2},"end":{"line":20,"column":3}}],"line":18},"2":{"loc":{"start":{"line":26,"column":2},"end":{"line":30,"column":3}},"type":"if","locations":[{"start":{"line":26,"column":2},"end":{"line":30,"column":3}},{"start":{"line":26,"column":2},"end":{"line":30,"column":3}}],"line":26},"3":{"loc":{"start":{"line":36,"column":2},"end":{"line":38,"column":3}},"type":"if","locations":[{"start":{"line":36,"column":2},"end":{"line":38,"column":3}},{"start":{"line":36,"column":2},"end":{"line":38,"column":3}}],"line":36},"4":{"loc":{"start":{"line":39,"column":2},"end":{"line":41,"column":3}},"type":"if","locations":[{"start":{"line":39,"column":2},"end":{"line":41,"column":3}},{"start":{"line":39,"column":2},"end":{"line":41,"column":3}}],"line":39},"5":{"loc":{"start":{"line":43,"column":2},"end":{"line":78,"column":3}},"type":"if","locations":[{"start":{"line":43,"column":2},"end":{"line":78,"column":3}},{"start":{"line":43,"column":2},"end":{"line":78,"column":3}}],"line":43},"6":{"loc":{"start":{"line":50,"column":3},"end":{"line":77,"column":4}},"type":"if","locations":[{"start":{"line":50,"column":3},"end":{"line":77,"column":4}},{"start":{"line":50,"column":3},"end":{"line":77,"column":4}}],"line":50},"7":{"loc":{"start":{"line":53,"column":4},"end":{"line":58,"column":5}},"type":"if","locations":[{"start":{"line":53,"column":4},"end":{"line":58,"column":5}},{"start":{"line":53,"column":4},"end":{"line":58,"column":5}}],"line":53},"8":{"loc":{"start":{"line":73,"column":4},"end":{"line":76,"column":5}},"type":"if","locations":[{"start":{"line":73,"column":4},"end":{"line":76,"column":5}},{"start":{"line":73,"column":4},"end":{"line":76,"column":5}}],"line":73},"9":{"loc":{"start":{"line":80,"column":2},"end":{"line":82,"column":3}},"type":"if","locations":[{"start":{"line":80,"column":2},"end":{"line":82,"column":3}},{"start":{"line":80,"column":2},"end":{"line":82,"column":3}}],"line":80},"10":{"loc":{"start":{"line":86,"column":2},"end":{"line":89,"column":3}},"type":"if","locations":[{"start":{"line":86,"column":2},"end":{"line":89,"column":3}},{"start":{"line":86,"column":2},"end":{"line":89,"column":3}}],"line":86},"11":{"loc":{"start":{"line":97,"column":2},"end":{"line":99,"column":3}},"type":"if","locations":[{"start":{"line":97,"column":2},"end":{"line":99,"column":3}},{"start":{"line":97,"column":2},"end":{"line":99,"column":3}}],"line":97},"12":{"loc":{"start":{"line":101,"column":2},"end":{"line":103,"column":3}},"type":"if","locations":[{"start":{"line":101,"column":2},"end":{"line":103,"column":3}},{"start":{"line":101,"column":2},"end":{"line":103,"column":3}}],"line":101},"13":{"loc":{"start":{"line":105,"column":2},"end":{"line":107,"column":3}},"type":"if","locations":[{"start":{"line":105,"column":2},"end":{"line":107,"column":3}},{"start":{"line":105,"column":2},"end":{"line":107,"column":3}}],"line":105},"14":{"loc":{"start":{"line":111,"column":2},"end":{"line":114,"column":3}},"type":"if","locations":[{"start":{"line":111,"column":2},"end":{"line":114,"column":3}},{"start":{"line":111,"column":2},"end":{"line":114,"column":3}}],"line":111}},"s":{"0":1,"1":0,"2":0,"3":0,"4":0,"5":0,"6":0,"7":0,"8":0,"9":0,"10":0,"11":0,"12":0,"13":0,"14":0,"15":0,"16":0,"17":0,"18":0,"19":0,"20":0,"21":0,"22":0,"23":0,"24":0,"25":0,"26":0,"27":0,"28":0,"29":0,"30":0,"31":0,"32":0,"33":0,"34":0,"35":0,"36":0,"37":0,"38":0,"39":0,"40":0,"41":0,"42":0,"43":0,"44":0,"45":0,"46":0,"47":0,"48":0,"49":0,"50":0,"51":0,"52":0,"53":0,"54":0,"55":0,"56":0,"57":0,"58":0,"59":0,"60":0,"61":0,"62":0},"f":{"0":0,"1":0,"2":0,"3":0,"4":0,"5":0,"6":0},"b":{"0":[0,0],"1":[0,0],"2":[0,0],"3":[0,0],"4":[0,0],"5":[0,0],"6":[0,0],"7":[0,0],"8":[0,0],"9":[0,0],"10":[0,0],"11":[0,0],"12":[0,0],"13":[0,0],"14":[0,0]},"_coverageSchema":"1a1c01bbd47fc00a2c39e90264f33305004495a9","hash":"e66c154fe8ecd257cefb57e987f26cf637ef1750"}
,"/home/zach/git/rpgtools/server/src/resolvers/mutations/wiki-page-mutations.js": {"path":"/home/zach/git/rpgtools/server/src/resolvers/mutations/wiki-page-mutations.js","statementMap":{"0":{"start":{"line":3,"column":33},"end":{"line":19,"column":1}},"1":{"start":{"line":5,"column":16},"end":{"line":5,"column":45}},"2":{"start":{"line":6,"column":2},"end":{"line":8,"column":3}},"3":{"start":{"line":7,"column":3},"end":{"line":7,"column":54}},"4":{"start":{"line":10,"column":2},"end":{"line":12,"column":3}},"5":{"start":{"line":11,"column":3},"end":{"line":11,"column":71}},"6":{"start":{"line":14,"column":2},"end":{"line":14,"column":30}},"7":{"start":{"line":15,"column":2},"end":{"line":15,"column":21}},"8":{"start":{"line":16,"column":2},"end":{"line":16,"column":50}},"9":{"start":{"line":17,"column":2},"end":{"line":17,"column":15}}},"fnMap":{"0":{"name":"(anonymous_0)","decl":{"start":{"line":4,"column":14},"end":{"line":4,"column":15}},"loc":{"start":{"line":4,"column":70},"end":{"line":18,"column":2}},"line":4}},"branchMap":{"0":{"loc":{"start":{"line":6,"column":2},"end":{"line":8,"column":3}},"type":"if","locations":[{"start":{"line":6,"column":2},"end":{"line":8,"column":3}},{"start":{"line":6,"column":2},"end":{"line":8,"column":3}}],"line":6},"1":{"loc":{"start":{"line":10,"column":2},"end":{"line":12,"column":3}},"type":"if","locations":[{"start":{"line":10,"column":2},"end":{"line":12,"column":3}},{"start":{"line":10,"column":2},"end":{"line":12,"column":3}}],"line":10}},"s":{"0":1,"1":0,"2":0,"3":0,"4":0,"5":0,"6":0,"7":0,"8":0,"9":0},"f":{"0":0},"b":{"0":[0,0],"1":[0,0]},"_coverageSchema":"1a1c01bbd47fc00a2c39e90264f33305004495a9","hash":"18da3e58438504cd4e6be2e5d8cfab5546749369"}
,"/home/zach/git/rpgtools/server/src/resolvers/mutations/world-mutations.js": {"path":"/home/zach/git/rpgtools/server/src/resolvers/mutations/world-mutations.js","statementMap":{"0":{"start":{"line":17,"column":30},"end":{"line":185,"column":1}},"1":{"start":{"line":20,"column":17},"end":{"line":20,"column":45}},"2":{"start":{"line":21,"column":2},"end":{"line":23,"column":3}},"3":{"start":{"line":22,"column":3},"end":{"line":22,"column":50}},"4":{"start":{"line":24,"column":2},"end":{"line":26,"column":3}},"5":{"start":{"line":25,"column":3},"end":{"line":25,"column":75}},"6":{"start":{"line":28,"column":16},"end":{"line":28,"column":60}},"7":{"start":{"line":29,"column":19},"end":{"line":29,"column":81}},"8":{"start":{"line":30,"column":21},"end":{"line":30,"column":76}},"9":{"start":{"line":31,"column":22},"end":{"line":31,"column":104}},"10":{"start":{"line":32,"column":23},"end":{"line":32,"column":82}},"11":{"start":{"line":33,"column":2},"end":{"line":33,"column":54}},"12":{"start":{"line":34,"column":2},"end":{"line":34,"column":26}},"13":{"start":{"line":36,"column":2},"end":{"line":36,"column":36}},"14":{"start":{"line":37,"column":2},"end":{"line":37,"column":32}},"15":{"start":{"line":39,"column":27},"end":{"line":39,"column":29}},"16":{"start":{"line":40,"column":2},"end":{"line":54,"column":3}},"17":{"start":{"line":41,"column":30},"end":{"line":45,"column":5}},"18":{"start":{"line":46,"column":3},"end":{"line":52,"column":4}},"19":{"start":{"line":47,"column":4},"end":{"line":51,"column":7}},"20":{"start":{"line":53,"column":3},"end":{"line":53,"column":47}},"21":{"start":{"line":55,"column":20},"end":{"line":55,"column":107}},"22":{"start":{"line":56,"column":2},"end":{"line":56,"column":36}},"23":{"start":{"line":57,"column":2},"end":{"line":57,"column":27}},"24":{"start":{"line":59,"column":24},"end":{"line":59,"column":26}},"25":{"start":{"line":60,"column":2},"end":{"line":76,"column":3}},"26":{"start":{"line":61,"column":3},"end":{"line":75,"column":4}},"27":{"start":{"line":62,"column":31},"end":{"line":66,"column":6}},"28":{"start":{"line":67,"column":4},"end":{"line":73,"column":5}},"29":{"start":{"line":68,"column":5},"end":{"line":72,"column":8}},"30":{"start":{"line":74,"column":4},"end":{"line":74,"column":45}},"31":{"start":{"line":77,"column":23},"end":{"line":77,"column":104}},"32":{"start":{"line":79,"column":2},"end":{"line":79,"column":42}},"33":{"start":{"line":80,"column":2},"end":{"line":80,"column":21}},"34":{"start":{"line":82,"column":2},"end":{"line":82,"column":49}},"35":{"start":{"line":83,"column":2},"end":{"line":83,"column":62}},"36":{"start":{"line":85,"column":2},"end":{"line":87,"column":19}},"37":{"start":{"line":88,"column":2},"end":{"line":88,"column":15}},"38":{"start":{"line":92,"column":14},"end":{"line":92,"column":41}},"39":{"start":{"line":93,"column":2},"end":{"line":95,"column":3}},"40":{"start":{"line":94,"column":3},"end":{"line":94,"column":76}},"41":{"start":{"line":97,"column":15},"end":{"line":97,"column":46}},"42":{"start":{"line":99,"column":2},"end":{"line":101,"column":3}},"43":{"start":{"line":100,"column":3},"end":{"line":100,"column":79}},"44":{"start":{"line":103,"column":18},"end":{"line":108,"column":4}},"45":{"start":{"line":109,"column":2},"end":{"line":109,"column":45}},"46":{"start":{"line":110,"column":16},"end":{"line":110,"column":25}},"47":{"start":{"line":111,"column":2},"end":{"line":111,"column":26}},"48":{"start":{"line":112,"column":2},"end":{"line":112,"column":21}},"49":{"start":{"line":113,"column":2},"end":{"line":118,"column":20}},"50":{"start":{"line":119,"column":2},"end":{"line":119,"column":16}},"51":{"start":{"line":123,"column":14},"end":{"line":123,"column":39}},"52":{"start":{"line":124,"column":2},"end":{"line":126,"column":3}},"53":{"start":{"line":125,"column":3},"end":{"line":125,"column":50}},"54":{"start":{"line":128,"column":2},"end":{"line":130,"column":3}},"55":{"start":{"line":129,"column":3},"end":{"line":129,"column":68}},"56":{"start":{"line":132,"column":13},"end":{"line":132,"column":17}},"57":{"start":{"line":133,"column":2},"end":{"line":138,"column":3}},"58":{"start":{"line":134,"column":3},"end":{"line":134,"column":42}},"59":{"start":{"line":135,"column":3},"end":{"line":137,"column":4}},"60":{"start":{"line":136,"column":4},"end":{"line":136,"column":65}},"61":{"start":{"line":140,"column":2},"end":{"line":140,"column":18}},"62":{"start":{"line":141,"column":2},"end":{"line":141,"column":19}},"63":{"start":{"line":142,"column":2},"end":{"line":150,"column":20}},"64":{"start":{"line":151,"column":2},"end":{"line":151,"column":13}},"65":{"start":{"line":155,"column":14},"end":{"line":155,"column":39}},"66":{"start":{"line":156,"column":2},"end":{"line":158,"column":3}},"67":{"start":{"line":157,"column":3},"end":{"line":157,"column":50}},"68":{"start":{"line":160,"column":2},"end":{"line":162,"column":3}},"69":{"start":{"line":161,"column":3},"end":{"line":161,"column":68}},"70":{"start":{"line":164,"column":2},"end":{"line":164,"column":21}},"71":{"start":{"line":165,"column":2},"end":{"line":170,"column":20}},"72":{"start":{"line":171,"column":2},"end":{"line":171,"column":13}},"73":{"start":{"line":174,"column":16},"end":{"line":174,"column":45}},"74":{"start":{"line":175,"column":2},"end":{"line":177,"column":3}},"75":{"start":{"line":176,"column":3},"end":{"line":176,"column":61}},"76":{"start":{"line":178,"column":2},"end":{"line":180,"column":3}},"77":{"start":{"line":179,"column":3},"end":{"line":179,"column":70}},"78":{"start":{"line":181,"column":2},"end":{"line":181,"column":23}},"79":{"start":{"line":182,"column":2},"end":{"line":182,"column":21}},"80":{"start":{"line":183,"column":2},"end":{"line":183,"column":15}}},"fnMap":{"0":{"name":"(anonymous_0)","decl":{"start":{"line":18,"column":28},"end":{"line":18,"column":29}},"loc":{"start":{"line":18,"column":87},"end":{"line":89,"column":2}},"line":18},"1":{"name":"(anonymous_1)","decl":{"start":{"line":90,"column":12},"end":{"line":90,"column":13}},"loc":{"start":{"line":90,"column":68},"end":{"line":120,"column":2}},"line":90},"2":{"name":"(anonymous_2)","decl":{"start":{"line":121,"column":12},"end":{"line":121,"column":13}},"loc":{"start":{"line":121,"column":57},"end":{"line":152,"column":2}},"line":121},"3":{"name":"(anonymous_3)","decl":{"start":{"line":153,"column":12},"end":{"line":153,"column":13}},"loc":{"start":{"line":153,"column":49},"end":{"line":172,"column":2}},"line":153},"4":{"name":"(anonymous_4)","decl":{"start":{"line":173,"column":14},"end":{"line":173,"column":15}},"loc":{"start":{"line":173,"column":62},"end":{"line":184,"column":2}},"line":173}},"branchMap":{"0":{"loc":{"start":{"line":21,"column":2},"end":{"line":23,"column":3}},"type":"if","locations":[{"start":{"line":21,"column":2},"end":{"line":23,"column":3}},{"start":{"line":21,"column":2},"end":{"line":23,"column":3}}],"line":21},"1":{"loc":{"start":{"line":24,"column":2},"end":{"line":26,"column":3}},"type":"if","locations":[{"start":{"line":24,"column":2},"end":{"line":26,"column":3}},{"start":{"line":24,"column":2},"end":{"line":26,"column":3}}],"line":24},"2":{"loc":{"start":{"line":46,"column":3},"end":{"line":52,"column":4}},"type":"if","locations":[{"start":{"line":46,"column":3},"end":{"line":52,"column":4}},{"start":{"line":46,"column":3},"end":{"line":52,"column":4}}],"line":46},"3":{"loc":{"start":{"line":60,"column":2},"end":{"line":76,"column":3}},"type":"if","locations":[{"start":{"line":60,"column":2},"end":{"line":76,"column":3}},{"start":{"line":60,"column":2},"end":{"line":76,"column":3}}],"line":60},"4":{"loc":{"start":{"line":67,"column":4},"end":{"line":73,"column":5}},"type":"if","locations":[{"start":{"line":67,"column":4},"end":{"line":73,"column":5}},{"start":{"line":67,"column":4},"end":{"line":73,"column":5}}],"line":67},"5":{"loc":{"start":{"line":93,"column":2},"end":{"line":95,"column":3}},"type":"if","locations":[{"start":{"line":93,"column":2},"end":{"line":95,"column":3}},{"start":{"line":93,"column":2},"end":{"line":95,"column":3}}],"line":93},"6":{"loc":{"start":{"line":99,"column":2},"end":{"line":101,"column":3}},"type":"if","locations":[{"start":{"line":99,"column":2},"end":{"line":101,"column":3}},{"start":{"line":99,"column":2},"end":{"line":101,"column":3}}],"line":99},"7":{"loc":{"start":{"line":124,"column":2},"end":{"line":126,"column":3}},"type":"if","locations":[{"start":{"line":124,"column":2},"end":{"line":126,"column":3}},{"start":{"line":124,"column":2},"end":{"line":126,"column":3}}],"line":124},"8":{"loc":{"start":{"line":128,"column":2},"end":{"line":130,"column":3}},"type":"if","locations":[{"start":{"line":128,"column":2},"end":{"line":130,"column":3}},{"start":{"line":128,"column":2},"end":{"line":130,"column":3}}],"line":128},"9":{"loc":{"start":{"line":133,"column":2},"end":{"line":138,"column":3}},"type":"if","locations":[{"start":{"line":133,"column":2},"end":{"line":138,"column":3}},{"start":{"line":133,"column":2},"end":{"line":138,"column":3}}],"line":133},"10":{"loc":{"start":{"line":135,"column":3},"end":{"line":137,"column":4}},"type":"if","locations":[{"start":{"line":135,"column":3},"end":{"line":137,"column":4}},{"start":{"line":135,"column":3},"end":{"line":137,"column":4}}],"line":135},"11":{"loc":{"start":{"line":156,"column":2},"end":{"line":158,"column":3}},"type":"if","locations":[{"start":{"line":156,"column":2},"end":{"line":158,"column":3}},{"start":{"line":156,"column":2},"end":{"line":158,"column":3}}],"line":156},"12":{"loc":{"start":{"line":160,"column":2},"end":{"line":162,"column":3}},"type":"if","locations":[{"start":{"line":160,"column":2},"end":{"line":162,"column":3}},{"start":{"line":160,"column":2},"end":{"line":162,"column":3}}],"line":160},"13":{"loc":{"start":{"line":175,"column":2},"end":{"line":177,"column":3}},"type":"if","locations":[{"start":{"line":175,"column":2},"end":{"line":177,"column":3}},{"start":{"line":175,"column":2},"end":{"line":177,"column":3}}],"line":175},"14":{"loc":{"start":{"line":178,"column":2},"end":{"line":180,"column":3}},"type":"if","locations":[{"start":{"line":178,"column":2},"end":{"line":180,"column":3}},{"start":{"line":178,"column":2},"end":{"line":180,"column":3}}],"line":178}},"s":{"0":1,"1":0,"2":0,"3":0,"4":0,"5":0,"6":0,"7":0,"8":0,"9":0,"10":0,"11":0,"12":0,"13":0,"14":0,"15":0,"16":0,"17":0,"18":0,"19":0,"20":0,"21":0,"22":0,"23":0,"24":0,"25":0,"26":0,"27":0,"28":0,"29":0,"30":0,"31":0,"32":0,"33":0,"34":0,"35":0,"36":0,"37":0,"38":0,"39":0,"40":0,"41":0,"42":0,"43":0,"44":0,"45":0,"46":0,"47":0,"48":0,"49":0,"50":0,"51":0,"52":0,"53":0,"54":0,"55":0,"56":0,"57":0,"58":0,"59":0,"60":0,"61":0,"62":0,"63":0,"64":0,"65":0,"66":0,"67":0,"68":0,"69":0,"70":0,"71":0,"72":0,"73":0,"74":0,"75":0,"76":0,"77":0,"78":0,"79":0,"80":0},"f":{"0":0,"1":0,"2":0,"3":0,"4":0},"b":{"0":[0,0],"1":[0,0],"2":[0,0],"3":[0,0],"4":[0,0],"5":[0,0],"6":[0,0],"7":[0,0],"8":[0,0],"9":[0,0],"10":[0,0],"11":[0,0],"12":[0,0],"13":[0,0],"14":[0,0]},"_coverageSchema":"1a1c01bbd47fc00a2c39e90264f33305004495a9","hash":"27eebb91533aabfe34e36777c69ec03217ae6294"}
}
